[2025-12-15 22:38:03] ==========================================
[2025-12-15 22:38:03] OpenROAD Routing Script - FULL DEBUG MODE
[2025-12-15 22:38:03] ==========================================
[2025-12-15 22:38:03] Design: 6502
[2025-12-15 22:38:03] Process ID: 249271
[2025-12-15 22:38:03] Working directory: /home/g5/Desktop/Structured-ASIC/Structured-ASIC
[2025-12-15 22:38:03] 
[2025-12-15 22:38:03] Clearing any existing database...
[2025-12-15 22:38:03] 
[2025-12-15 22:38:03] ==========================================
[2025-12-15 22:38:03] PHASE 1: Reading Technology Files
[2025-12-15 22:38:03] ==========================================
[2025-12-15 22:38:03] 
[2025-12-15 22:38:03] Reading merged LEF: tech/sky130_merged.lef
[2025-12-15 22:38:03] SUCCESS: LEF loaded
[2025-12-15 22:38:03] 
[2025-12-15 22:38:03] Reading Liberty file: tech/sky130_fd_sc_hd__tt_025C_1v80.lib
[2025-12-15 22:38:03] SUCCESS: Liberty loaded
[2025-12-15 22:38:03] 
[2025-12-15 22:38:03] ==========================================
[2025-12-15 22:38:03] PHASE 2: Reading Design Files
[2025-12-15 22:38:03] ==========================================
[2025-12-15 22:38:03] 
[2025-12-15 22:38:03] Reading Verilog netlist: build/6502/6502_final.v
[2025-12-15 22:38:03] SUCCESS: Verilog loaded
[2025-12-15 22:38:03] 
[2025-12-15 22:38:03] Reading DEF: build/6502/6502_fixed.def
[2025-12-15 22:38:03] SUCCESS: DEF loaded
[2025-12-15 22:38:03] 
[2025-12-15 22:38:03] ==========================================
[2025-12-15 22:38:03] PHASE 3: Design Statistics
[2025-12-15 22:38:03] ==========================================
[2025-12-15 22:38:03] 
[2025-12-15 22:38:03] Counting instances...
[2025-12-15 22:38:03]   Counted 10000 instances so far...
[2025-12-15 22:38:03]   Counted 20000 instances so far...
[2025-12-15 22:38:03]   Counted 30000 instances so far...
[2025-12-15 22:38:03]   Counted 40000 instances so far...
[2025-12-15 22:38:03]   Counted 50000 instances so far...
[2025-12-15 22:38:03]   Counted 60000 instances so far...
[2025-12-15 22:38:03]   Counted 70000 instances so far...
[2025-12-15 22:38:03]   Counted 80000 instances so far...
[2025-12-15 22:38:03]   Counted 90000 instances so far...
[2025-12-15 22:38:03]   Counted 100000 instances so far...
[2025-12-15 22:38:03] Counting nets...
[2025-12-15 22:38:03]   Counted 1000 nets so far...
[2025-12-15 22:38:03]   Counted 2000 nets so far...
[2025-12-15 22:38:03]   Counted 3000 nets so far...
[2025-12-15 22:38:03]   Counted 4000 nets so far...
[2025-12-15 22:38:03]   Counted 5000 nets so far...
[2025-12-15 22:38:03]   Counted 6000 nets so far...
[2025-12-15 22:38:03]   Counted 7000 nets so far...
[2025-12-15 22:38:03]   Counted 8000 nets so far...
[2025-12-15 22:38:03]   Counted 9000 nets so far...
[2025-12-15 22:38:03] Counting I/O pins...
[2025-12-15 22:38:03] 
[2025-12-15 22:38:03] DESIGN STATISTICS:
[2025-12-15 22:38:03]   Instances: 103826
[2025-12-15 22:38:03]   Nets: 9637
[2025-12-15 22:38:03]   I/O Pins: 122
[2025-12-15 22:38:03]   Die Area: (0,0) to (1003600,989200)
[2025-12-15 22:38:03] 
[2025-12-15 22:38:03] ==========================================
[2025-12-15 22:38:03] PHASE 4: Clock Constraints
[2025-12-15 22:38:03] ==========================================
[2025-12-15 22:38:03] 
[2025-12-15 22:38:03] Creating clock constraints on port 'clk' with period 10.0ns...
[2025-12-15 22:38:03] SUCCESS: Clock created
[2025-12-15 22:38:03] Propagating clock to sequential cells...
[2025-12-15 22:38:03] SUCCESS: Clock propagated
[2025-12-15 22:38:03] 
[2025-12-15 22:38:03] ==========================================
[2025-12-15 22:38:03] PHASE 5: Routing Track Setup
[2025-12-15 22:38:03] ==========================================
[2025-12-15 22:38:03] 
[2025-12-15 22:38:03] Configuring routing tracks for each layer...
[2025-12-15 22:38:03]   Setting up li1 tracks...
[2025-12-15 22:38:03]   Setting up met1 tracks...
[2025-12-15 22:38:03]   Setting up met2 tracks...
[2025-12-15 22:38:03]   Setting up met3 tracks...
[2025-12-15 22:38:03]   Setting up met4 tracks...
[2025-12-15 22:38:03]   Setting up met5 tracks...
[2025-12-15 22:38:03] SUCCESS: All routing tracks configured
[2025-12-15 22:38:03] 
[2025-12-15 22:38:03] ==========================================
[2025-12-15 22:38:03] PHASE 6: Placement Check
[2025-12-15 22:38:03] ==========================================
[2025-12-15 22:38:03] 
[2025-12-15 22:38:03] Running placement quality check...
[2025-12-15 22:38:04] SUCCESS: Placement check passed
[2025-12-15 22:38:04] 
[2025-12-15 22:38:04] ==========================================
[2025-12-15 22:38:04] PHASE 7: I/O Pin Analysis
[2025-12-15 22:38:04] ==========================================
[2025-12-15 22:38:04] 
[2025-12-15 22:38:04] Analyzing all I/O pins in detail...
[2025-12-15 22:38:04] 
[2025-12-15 22:38:04] Pin #1: clk
[2025-12-15 22:38:04]     Box 1: Layer=met2, Size=1150x2300 DBU
[2025-12-15 22:38:04]               Location: (499905,0) to (501055,2300)
[2025-12-15 22:38:04] 
[2025-12-15 22:38:04] Pin #2: in_0
[2025-12-15 22:38:04]     Box 1: Layer=met2, Size=1150x2300 DBU
[2025-12-15 22:38:04]               Location: (3105,0) to (4255,2300)
[2025-12-15 22:38:04] 
[2025-12-15 22:38:04] Pin #3: in_1
[2025-12-15 22:38:04]     Box 1: Layer=met2, Size=1150x2300 DBU
[2025-12-15 22:38:04]               Location: (113045,0) to (114195,2300)
[2025-12-15 22:38:04] 
[2025-12-15 22:38:04] Pin #4: in_10
[2025-12-15 22:38:04]     Box 1: Layer=met3, Size=3400x1700 DBU
[2025-12-15 22:38:04]               Location: (1000200,1870) to (1003600,3570)
[2025-12-15 22:38:04] 
[2025-12-15 22:38:04] Pin #5: in_11
[2025-12-15 22:38:04]     Box 1: Layer=met3, Size=3400x1700 DBU
[2025-12-15 22:38:04]               Location: (1000200,110670) to (1003600,112370)
[2025-12-15 22:38:04] 
[2025-12-15 22:38:04] Pin #6: in_12
[2025-12-15 22:38:04]     Box 1: Layer=met3, Size=3400x1700 DBU
[2025-12-15 22:38:04]               Location: (1000200,219470) to (1003600,221170)
[2025-12-15 22:38:04] 
[2025-12-15 22:38:04] Pin #7: in_13
[2025-12-15 22:38:04]     Box 1: Layer=met3, Size=3400x1700 DBU
[2025-12-15 22:38:04]               Location: (1000200,328270) to (1003600,329970)
[2025-12-15 22:38:04] 
[2025-12-15 22:38:04] Pin #8: in_14
[2025-12-15 22:38:04]     Box 1: Layer=met3, Size=3400x1700 DBU
[2025-12-15 22:38:04]               Location: (1000200,437070) to (1003600,438770)
[2025-12-15 22:38:04] 
[2025-12-15 22:38:04] Pin #9: in_15
[2025-12-15 22:38:04]     Box 1: Layer=met3, Size=3400x1700 DBU
[2025-12-15 22:38:04]               Location: (1000200,545870) to (1003600,547570)
[2025-12-15 22:38:04] 
[2025-12-15 22:38:04] Pin #10: in_16
[2025-12-15 22:38:04]     Box 1: Layer=met3, Size=3400x1700 DBU
[2025-12-15 22:38:04]               Location: (1000200,654670) to (1003600,656370)
[2025-12-15 22:38:04] 
[2025-12-15 22:38:04] Pin #11: in_17
[2025-12-15 22:38:04]     Box 1: Layer=met3, Size=3400x1700 DBU
[2025-12-15 22:38:04]               Location: (1000200,763470) to (1003600,765170)
[2025-12-15 22:38:04] 
[2025-12-15 22:38:04] Pin #12: in_18
[2025-12-15 22:38:04]     Box 1: Layer=met3, Size=3400x1700 DBU
[2025-12-15 22:38:04]               Location: (1000200,872270) to (1003600,873970)
[2025-12-15 22:38:04] 
[2025-12-15 22:38:04] Pin #13: in_19
[2025-12-15 22:38:04]     Box 1: Layer=met3, Size=3400x1700 DBU
[2025-12-15 22:38:04]               Location: (1000200,980390) to (1003600,982090)
[2025-12-15 22:38:04] 
[2025-12-15 22:38:04] Pin #14: in_2
[2025-12-15 22:38:04]     Box 1: Layer=met2, Size=1150x2300 DBU
[2025-12-15 22:38:04]               Location: (223445,0) to (224595,2300)
[2025-12-15 22:38:04] 
[2025-12-15 22:38:04] Pin #15: in_20
[2025-12-15 22:38:04]     Box 1: Layer=met2, Size=1150x2300 DBU
[2025-12-15 22:38:04]               Location: (3105,986900) to (4255,989200)
[2025-12-15 22:38:04] 
[2025-12-15 22:38:04] Pin #16: in_21
[2025-12-15 22:38:04]     Box 1: Layer=met2, Size=1150x2300 DBU
[2025-12-15 22:38:04]               Location: (113045,986900) to (114195,989200)
[2025-12-15 22:38:04] 
[2025-12-15 22:38:04] Pin #17: in_22
[2025-12-15 22:38:04]     Box 1: Layer=met2, Size=1150x2300 DBU
[2025-12-15 22:38:04]               Location: (223445,986900) to (224595,989200)
[2025-12-15 22:38:04] 
[2025-12-15 22:38:04] Pin #18: in_23
[2025-12-15 22:38:04]     Box 1: Layer=met2, Size=1150x2300 DBU
[2025-12-15 22:38:04]               Location: (333845,986900) to (334995,989200)
[2025-12-15 22:38:04] 
[2025-12-15 22:38:04] Pin #19: in_24
[2025-12-15 22:38:04]     Box 1: Layer=met2, Size=1150x2300 DBU
[2025-12-15 22:38:04]               Location: (444245,986900) to (445395,989200)
[2025-12-15 22:38:04] 
[2025-12-15 22:38:04] Pin #20: in_25
[2025-12-15 22:38:04]     Box 1: Layer=met2, Size=1150x2300 DBU
[2025-12-15 22:38:04]               Location: (554645,986900) to (555795,989200)
[2025-12-15 22:38:04] 
[2025-12-15 22:38:04] Pin #21: in_26
[2025-12-15 22:38:04]     Box 1: Layer=met2, Size=1150x2300 DBU
[2025-12-15 22:38:04]               Location: (665045,986900) to (666195,989200)
[2025-12-15 22:38:04] 
[2025-12-15 22:38:04] Pin #22: in_27
[2025-12-15 22:38:04]     Box 1: Layer=met2, Size=1150x2300 DBU
[2025-12-15 22:38:04]               Location: (775445,986900) to (776595,989200)
[2025-12-15 22:38:04] 
[2025-12-15 22:38:04] Pin #23: in_28
[2025-12-15 22:38:04]     Box 1: Layer=met2, Size=1150x2300 DBU
[2025-12-15 22:38:04]               Location: (885845,986900) to (886995,989200)
[2025-12-15 22:38:04] 
[2025-12-15 22:38:04] Pin #24: in_29
[2025-12-15 22:38:04]     Box 1: Layer=met2, Size=1150x2300 DBU
[2025-12-15 22:38:04]               Location: (996245,986900) to (997395,989200)
[2025-12-15 22:38:04] 
[2025-12-15 22:38:04] Pin #25: in_3
[2025-12-15 22:38:04]     Box 1: Layer=met2, Size=1150x2300 DBU
[2025-12-15 22:38:04]               Location: (333845,0) to (334995,2300)
[2025-12-15 22:38:04] 
[2025-12-15 22:38:04] Pin #26: in_30
[2025-12-15 22:38:04]     Box 1: Layer=met3, Size=3400x1700 DBU
[2025-12-15 22:38:04]               Location: (0,1870) to (3400,3570)
[2025-12-15 22:38:04] 
[2025-12-15 22:38:04] Pin #27: in_31
[2025-12-15 22:38:04]     Box 1: Layer=met3, Size=3400x1700 DBU
[2025-12-15 22:38:04]               Location: (0,110670) to (3400,112370)
[2025-12-15 22:38:04] 
[2025-12-15 22:38:04] Pin #28: in_32
[2025-12-15 22:38:04]     Box 1: Layer=met3, Size=3400x1700 DBU
[2025-12-15 22:38:04]               Location: (0,219470) to (3400,221170)
[2025-12-15 22:38:04] 
[2025-12-15 22:38:04] Pin #29: in_33
[2025-12-15 22:38:04]     Box 1: Layer=met3, Size=3400x1700 DBU
[2025-12-15 22:38:04]               Location: (0,328270) to (3400,329970)
[2025-12-15 22:38:04] 
[2025-12-15 22:38:04] Pin #30: in_34
[2025-12-15 22:38:04]     Box 1: Layer=met3, Size=3400x1700 DBU
[2025-12-15 22:38:04]               Location: (0,437070) to (3400,438770)
[2025-12-15 22:38:04] 
[2025-12-15 22:38:04] Pin #31: in_35
[2025-12-15 22:38:04]     Box 1: Layer=met3, Size=3400x1700 DBU
[2025-12-15 22:38:04]               Location: (0,545870) to (3400,547570)
[2025-12-15 22:38:04] 
[2025-12-15 22:38:04] Pin #32: in_36
[2025-12-15 22:38:04]     Box 1: Layer=met3, Size=3400x1700 DBU
[2025-12-15 22:38:04]               Location: (0,654670) to (3400,656370)
[2025-12-15 22:38:04] 
[2025-12-15 22:38:04] Pin #33: in_37
[2025-12-15 22:38:04]     Box 1: Layer=met3, Size=3400x1700 DBU
[2025-12-15 22:38:04]               Location: (0,763470) to (3400,765170)
[2025-12-15 22:38:04] 
[2025-12-15 22:38:04] Pin #34: in_38
[2025-12-15 22:38:04]     Box 1: Layer=met3, Size=3400x1700 DBU
[2025-12-15 22:38:04]               Location: (0,872270) to (3400,873970)
[2025-12-15 22:38:04] 
[2025-12-15 22:38:04] Pin #35: in_39
[2025-12-15 22:38:04]     Box 1: Layer=met3, Size=3400x1700 DBU
[2025-12-15 22:38:04]               Location: (0,980390) to (3400,982090)
[2025-12-15 22:38:04] 
[2025-12-15 22:38:04] Pin #36: in_4
[2025-12-15 22:38:04]     Box 1: Layer=met2, Size=1150x2300 DBU
[2025-12-15 22:38:04]               Location: (444245,0) to (445395,2300)
[2025-12-15 22:38:04] 
[2025-12-15 22:38:04] Pin #37: in_5
[2025-12-15 22:38:04]     Box 1: Layer=met2, Size=1150x2300 DBU
[2025-12-15 22:38:04]               Location: (554645,0) to (555795,2300)
[2025-12-15 22:38:04] 
[2025-12-15 22:38:04] Pin #38: in_6
[2025-12-15 22:38:04]     Box 1: Layer=met2, Size=1150x2300 DBU
[2025-12-15 22:38:04]               Location: (665045,0) to (666195,2300)
[2025-12-15 22:38:04] 
[2025-12-15 22:38:04] Pin #39: in_7
[2025-12-15 22:38:04]     Box 1: Layer=met2, Size=1150x2300 DBU
[2025-12-15 22:38:04]               Location: (775445,0) to (776595,2300)
[2025-12-15 22:38:04] 
[2025-12-15 22:38:04] Pin #40: in_8
[2025-12-15 22:38:04]     Box 1: Layer=met2, Size=1150x2300 DBU
[2025-12-15 22:38:04]               Location: (885845,0) to (886995,2300)
[2025-12-15 22:38:04] 
[2025-12-15 22:38:04] Pin #41: in_9
[2025-12-15 22:38:04]     Box 1: Layer=met2, Size=1150x2300 DBU
[2025-12-15 22:38:04]               Location: (996245,0) to (997395,2300)
[2025-12-15 22:38:04] 
[2025-12-15 22:38:04] Pin #42: oeb_0
[2025-12-15 22:38:04]     Box 1: Layer=met2, Size=1150x2300 DBU
[2025-12-15 22:38:04]               Location: (4025,0) to (5175,2300)
[2025-12-15 22:38:04] 
[2025-12-15 22:38:04] Pin #43: oeb_1
[2025-12-15 22:38:04]     Box 1: Layer=met2, Size=1150x2300 DBU
[2025-12-15 22:38:04]               Location: (113965,0) to (115115,2300)
[2025-12-15 22:38:04] 
[2025-12-15 22:38:04] Pin #44: oeb_10
[2025-12-15 22:38:04]     Box 1: Layer=met3, Size=3400x1700 DBU
[2025-12-15 22:38:04]               Location: (1000200,3230) to (1003600,4930)
[2025-12-15 22:38:04] 
[2025-12-15 22:38:04] Pin #45: oeb_11
[2025-12-15 22:38:04]     Box 1: Layer=met3, Size=3400x1700 DBU
[2025-12-15 22:38:04]               Location: (1000200,112030) to (1003600,113730)
[2025-12-15 22:38:04] 
[2025-12-15 22:38:04] Pin #46: oeb_12
[2025-12-15 22:38:04]     Box 1: Layer=met3, Size=3400x1700 DBU
[2025-12-15 22:38:04]               Location: (1000200,220830) to (1003600,222530)
[2025-12-15 22:38:04] 
[2025-12-15 22:38:04] Pin #47: oeb_13
[2025-12-15 22:38:04]     Box 1: Layer=met3, Size=3400x1700 DBU
[2025-12-15 22:38:04]               Location: (1000200,329630) to (1003600,331330)
[2025-12-15 22:38:04] 
[2025-12-15 22:38:04] Pin #48: oeb_14
[2025-12-15 22:38:04]     Box 1: Layer=met3, Size=3400x1700 DBU
[2025-12-15 22:38:04]               Location: (1000200,438430) to (1003600,440130)
[2025-12-15 22:38:04] 
[2025-12-15 22:38:04] Pin #49: oeb_15
[2025-12-15 22:38:04]     Box 1: Layer=met3, Size=3400x1700 DBU
[2025-12-15 22:38:04]               Location: (1000200,547230) to (1003600,548930)
[2025-12-15 22:38:04] 
[2025-12-15 22:38:04] Pin #50: oeb_16
[2025-12-15 22:38:04]     Box 1: Layer=met3, Size=3400x1700 DBU
[2025-12-15 22:38:04]               Location: (1000200,656030) to (1003600,657730)
[2025-12-15 22:38:04] 
[2025-12-15 22:38:04] Pin #51: oeb_17
[2025-12-15 22:38:04]     Box 1: Layer=met3, Size=3400x1700 DBU
[2025-12-15 22:38:04]               Location: (1000200,764830) to (1003600,766530)
[2025-12-15 22:38:04] 
[2025-12-15 22:38:04] Pin #52: oeb_18
[2025-12-15 22:38:04]     Box 1: Layer=met3, Size=3400x1700 DBU
[2025-12-15 22:38:04]               Location: (1000200,873630) to (1003600,875330)
[2025-12-15 22:38:04] 
[2025-12-15 22:38:04] Pin #53: oeb_19
[2025-12-15 22:38:04]     Box 1: Layer=met3, Size=3400x1700 DBU
[2025-12-15 22:38:04]               Location: (1000200,981750) to (1003600,983450)
[2025-12-15 22:38:04] 
[2025-12-15 22:38:04] Pin #54: oeb_2
[2025-12-15 22:38:04]     Box 1: Layer=met2, Size=1150x2300 DBU
[2025-12-15 22:38:04]               Location: (224365,0) to (225515,2300)
[2025-12-15 22:38:04] 
[2025-12-15 22:38:04] Pin #55: oeb_20
[2025-12-15 22:38:04]     Box 1: Layer=met2, Size=1150x2300 DBU
[2025-12-15 22:38:04]               Location: (4025,986900) to (5175,989200)
[2025-12-15 22:38:04] 
[2025-12-15 22:38:04] Pin #56: oeb_21
[2025-12-15 22:38:04]     Box 1: Layer=met2, Size=1150x2300 DBU
[2025-12-15 22:38:04]               Location: (113965,986900) to (115115,989200)
[2025-12-15 22:38:04] 
[2025-12-15 22:38:04] Pin #57: oeb_22
[2025-12-15 22:38:04]     Box 1: Layer=met2, Size=1150x2300 DBU
[2025-12-15 22:38:04]               Location: (224365,986900) to (225515,989200)
[2025-12-15 22:38:04] 
[2025-12-15 22:38:04] Pin #58: oeb_23
[2025-12-15 22:38:04]     Box 1: Layer=met2, Size=1150x2300 DBU
[2025-12-15 22:38:04]               Location: (334765,986900) to (335915,989200)
[2025-12-15 22:38:04] 
[2025-12-15 22:38:04] Pin #59: oeb_24
[2025-12-15 22:38:04]     Box 1: Layer=met2, Size=1150x2300 DBU
[2025-12-15 22:38:04]               Location: (445165,986900) to (446315,989200)
[2025-12-15 22:38:04] 
[2025-12-15 22:38:04] Pin #60: oeb_25
[2025-12-15 22:38:04]     Box 1: Layer=met2, Size=1150x2300 DBU
[2025-12-15 22:38:04]               Location: (555565,986900) to (556715,989200)
[2025-12-15 22:38:04] 
[2025-12-15 22:38:04] Pin #61: oeb_26
[2025-12-15 22:38:04]     Box 1: Layer=met2, Size=1150x2300 DBU
[2025-12-15 22:38:04]               Location: (665965,986900) to (667115,989200)
[2025-12-15 22:38:04] 
[2025-12-15 22:38:04] Pin #62: oeb_27
[2025-12-15 22:38:04]     Box 1: Layer=met2, Size=1150x2300 DBU
[2025-12-15 22:38:04]               Location: (776365,986900) to (777515,989200)
[2025-12-15 22:38:04] 
[2025-12-15 22:38:04] Pin #63: oeb_28
[2025-12-15 22:38:04]     Box 1: Layer=met2, Size=1150x2300 DBU
[2025-12-15 22:38:04]               Location: (886765,986900) to (887915,989200)
[2025-12-15 22:38:04] 
[2025-12-15 22:38:04] Pin #64: oeb_29
[2025-12-15 22:38:04]     Box 1: Layer=met2, Size=1150x2300 DBU
[2025-12-15 22:38:04]               Location: (997165,986900) to (998315,989200)
[2025-12-15 22:38:04] 
[2025-12-15 22:38:04] Pin #65: oeb_3
[2025-12-15 22:38:04]     Box 1: Layer=met2, Size=1150x2300 DBU
[2025-12-15 22:38:04]               Location: (334765,0) to (335915,2300)
[2025-12-15 22:38:04] 
[2025-12-15 22:38:04] Pin #66: oeb_30
[2025-12-15 22:38:04]     Box 1: Layer=met3, Size=3400x1700 DBU
[2025-12-15 22:38:04]               Location: (0,3230) to (3400,4930)
[2025-12-15 22:38:04] 
[2025-12-15 22:38:04] Pin #67: oeb_31
[2025-12-15 22:38:04]     Box 1: Layer=met3, Size=3400x1700 DBU
[2025-12-15 22:38:04]               Location: (0,112030) to (3400,113730)
[2025-12-15 22:38:04] 
[2025-12-15 22:38:04] Pin #68: oeb_32
[2025-12-15 22:38:04]     Box 1: Layer=met3, Size=3400x1700 DBU
[2025-12-15 22:38:04]               Location: (0,220830) to (3400,222530)
[2025-12-15 22:38:04] 
[2025-12-15 22:38:04] Pin #69: oeb_33
[2025-12-15 22:38:04]     Box 1: Layer=met3, Size=3400x1700 DBU
[2025-12-15 22:38:04]               Location: (0,329630) to (3400,331330)
[2025-12-15 22:38:04] 
[2025-12-15 22:38:04] Pin #70: oeb_34
[2025-12-15 22:38:04]     Box 1: Layer=met3, Size=3400x1700 DBU
[2025-12-15 22:38:04]               Location: (0,438430) to (3400,440130)
[2025-12-15 22:38:04] 
[2025-12-15 22:38:04] Pin #71: oeb_35
[2025-12-15 22:38:04]     Box 1: Layer=met3, Size=3400x1700 DBU
[2025-12-15 22:38:04]               Location: (0,547230) to (3400,548930)
[2025-12-15 22:38:04] 
[2025-12-15 22:38:04] Pin #72: oeb_36
[2025-12-15 22:38:04]     Box 1: Layer=met3, Size=3400x1700 DBU
[2025-12-15 22:38:04]               Location: (0,656030) to (3400,657730)
[2025-12-15 22:38:04] 
[2025-12-15 22:38:04] Pin #73: oeb_37
[2025-12-15 22:38:04]     Box 1: Layer=met3, Size=3400x1700 DBU
[2025-12-15 22:38:04]               Location: (0,764830) to (3400,766530)
[2025-12-15 22:38:04] 
[2025-12-15 22:38:04] Pin #74: oeb_38
[2025-12-15 22:38:04]     Box 1: Layer=met3, Size=3400x1700 DBU
[2025-12-15 22:38:04]               Location: (0,873630) to (3400,875330)
[2025-12-15 22:38:04] 
[2025-12-15 22:38:04] Pin #75: oeb_39
[2025-12-15 22:38:04]     Box 1: Layer=met3, Size=3400x1700 DBU
[2025-12-15 22:38:04]               Location: (0,981750) to (3400,983450)
[2025-12-15 22:38:04] 
[2025-12-15 22:38:04] Pin #76: oeb_4
[2025-12-15 22:38:04]     Box 1: Layer=met2, Size=1150x2300 DBU
[2025-12-15 22:38:04]               Location: (445165,0) to (446315,2300)
[2025-12-15 22:38:04] 
[2025-12-15 22:38:04] Pin #77: oeb_5
[2025-12-15 22:38:04]     Box 1: Layer=met2, Size=1150x2300 DBU
[2025-12-15 22:38:04]               Location: (555565,0) to (556715,2300)
[2025-12-15 22:38:04] 
[2025-12-15 22:38:04] Pin #78: oeb_6
[2025-12-15 22:38:04]     Box 1: Layer=met2, Size=1150x2300 DBU
[2025-12-15 22:38:04]               Location: (665965,0) to (667115,2300)
[2025-12-15 22:38:04] 
[2025-12-15 22:38:04] Pin #79: oeb_7
[2025-12-15 22:38:04]     Box 1: Layer=met2, Size=1150x2300 DBU
[2025-12-15 22:38:04]               Location: (776365,0) to (777515,2300)
[2025-12-15 22:38:04] 
[2025-12-15 22:38:04] Pin #80: oeb_8
[2025-12-15 22:38:04]     Box 1: Layer=met2, Size=1150x2300 DBU
[2025-12-15 22:38:04]               Location: (886765,0) to (887915,2300)
[2025-12-15 22:38:04] 
[2025-12-15 22:38:04] Pin #81: oeb_9
[2025-12-15 22:38:04]     Box 1: Layer=met2, Size=1150x2300 DBU
[2025-12-15 22:38:04]               Location: (997165,0) to (998315,2300)
[2025-12-15 22:38:04] 
[2025-12-15 22:38:04] Pin #82: out_0
[2025-12-15 22:38:04]     Box 1: Layer=met2, Size=1150x2300 DBU
[2025-12-15 22:38:04]               Location: (5865,0) to (7015,2300)
[2025-12-15 22:38:04] 
[2025-12-15 22:38:04] Pin #83: out_1
[2025-12-15 22:38:04]     Box 1: Layer=met2, Size=1150x2300 DBU
[2025-12-15 22:38:04]               Location: (115805,0) to (116955,2300)
[2025-12-15 22:38:04] 
[2025-12-15 22:38:04] Pin #84: out_10
[2025-12-15 22:38:04]     Box 1: Layer=met3, Size=3400x1700 DBU
[2025-12-15 22:38:04]               Location: (1000200,5950) to (1003600,7650)
[2025-12-15 22:38:04] 
[2025-12-15 22:38:04] Pin #85: out_11
[2025-12-15 22:38:04]     Box 1: Layer=met3, Size=3400x1700 DBU
[2025-12-15 22:38:04]               Location: (1000200,114750) to (1003600,116450)
[2025-12-15 22:38:04] 
[2025-12-15 22:38:04] Pin #86: out_12
[2025-12-15 22:38:04]     Box 1: Layer=met3, Size=3400x1700 DBU
[2025-12-15 22:38:04]               Location: (1000200,223550) to (1003600,225250)
[2025-12-15 22:38:04] 
[2025-12-15 22:38:04] Pin #87: out_13
[2025-12-15 22:38:04]     Box 1: Layer=met3, Size=3400x1700 DBU
[2025-12-15 22:38:04]               Location: (1000200,332350) to (1003600,334050)
[2025-12-15 22:38:04] 
[2025-12-15 22:38:04] Pin #88: out_14
[2025-12-15 22:38:04]     Box 1: Layer=met3, Size=3400x1700 DBU
[2025-12-15 22:38:04]               Location: (1000200,441150) to (1003600,442850)
[2025-12-15 22:38:04] 
[2025-12-15 22:38:04] Pin #89: out_15
[2025-12-15 22:38:04]     Box 1: Layer=met3, Size=3400x1700 DBU
[2025-12-15 22:38:04]               Location: (1000200,549950) to (1003600,551650)
[2025-12-15 22:38:04] 
[2025-12-15 22:38:04] Pin #90: out_16
[2025-12-15 22:38:04]     Box 1: Layer=met3, Size=3400x1700 DBU
[2025-12-15 22:38:04]               Location: (1000200,658750) to (1003600,660450)
[2025-12-15 22:38:04] 
[2025-12-15 22:38:04] Pin #91: out_17
[2025-12-15 22:38:04]     Box 1: Layer=met3, Size=3400x1700 DBU
[2025-12-15 22:38:04]               Location: (1000200,767550) to (1003600,769250)
[2025-12-15 22:38:04] 
[2025-12-15 22:38:04] Pin #92: out_18
[2025-12-15 22:38:04]     Box 1: Layer=met3, Size=3400x1700 DBU
[2025-12-15 22:38:04]               Location: (1000200,876350) to (1003600,878050)
[2025-12-15 22:38:04] 
[2025-12-15 22:38:04] Pin #93: out_19
[2025-12-15 22:38:04]     Box 1: Layer=met3, Size=3400x1700 DBU
[2025-12-15 22:38:04]               Location: (1000200,984470) to (1003600,986170)
[2025-12-15 22:38:04] 
[2025-12-15 22:38:04] Pin #94: out_2
[2025-12-15 22:38:04]     Box 1: Layer=met2, Size=1150x2300 DBU
[2025-12-15 22:38:04]               Location: (226205,0) to (227355,2300)
[2025-12-15 22:38:04] 
[2025-12-15 22:38:04] Pin #95: out_20
[2025-12-15 22:38:04]     Box 1: Layer=met2, Size=1150x2300 DBU
[2025-12-15 22:38:04]               Location: (5865,986900) to (7015,989200)
[2025-12-15 22:38:04] 
[2025-12-15 22:38:04] Pin #96: out_21
[2025-12-15 22:38:04]     Box 1: Layer=met2, Size=1150x2300 DBU
[2025-12-15 22:38:04]               Location: (115805,986900) to (116955,989200)
[2025-12-15 22:38:04] 
[2025-12-15 22:38:04] Pin #97: out_22
[2025-12-15 22:38:04]     Box 1: Layer=met2, Size=1150x2300 DBU
[2025-12-15 22:38:04]               Location: (226205,986900) to (227355,989200)
[2025-12-15 22:38:04] 
[2025-12-15 22:38:04] Pin #98: out_23
[2025-12-15 22:38:04]     Box 1: Layer=met2, Size=1150x2300 DBU
[2025-12-15 22:38:04]               Location: (336605,986900) to (337755,989200)
[2025-12-15 22:38:04] 
[2025-12-15 22:38:04] Pin #99: out_24
[2025-12-15 22:38:04]     Box 1: Layer=met2, Size=1150x2300 DBU
[2025-12-15 22:38:04]               Location: (447005,986900) to (448155,989200)
[2025-12-15 22:38:04] 
[2025-12-15 22:38:04] Pin #100: out_25
[2025-12-15 22:38:04]     Box 1: Layer=met2, Size=1150x2300 DBU
[2025-12-15 22:38:04]               Location: (557405,986900) to (558555,989200)
[2025-12-15 22:38:04] 
[2025-12-15 22:38:04] Pin #101: out_26
[2025-12-15 22:38:04]     Box 1: Layer=met2, Size=1150x2300 DBU
[2025-12-15 22:38:04]               Location: (667805,986900) to (668955,989200)
[2025-12-15 22:38:04] 
[2025-12-15 22:38:04] Pin #102: out_27
[2025-12-15 22:38:04]     Box 1: Layer=met2, Size=1150x2300 DBU
[2025-12-15 22:38:04]               Location: (778205,986900) to (779355,989200)
[2025-12-15 22:38:04] 
[2025-12-15 22:38:04] Pin #103: out_28
[2025-12-15 22:38:04]     Box 1: Layer=met2, Size=1150x2300 DBU
[2025-12-15 22:38:04]               Location: (888605,986900) to (889755,989200)
[2025-12-15 22:38:04] 
[2025-12-15 22:38:04] Pin #104: out_29
[2025-12-15 22:38:04]     Box 1: Layer=met2, Size=1150x2300 DBU
[2025-12-15 22:38:04]               Location: (999005,986900) to (1000155,989200)
[2025-12-15 22:38:04] 
[2025-12-15 22:38:04] Pin #105: out_3
[2025-12-15 22:38:04]     Box 1: Layer=met2, Size=1150x2300 DBU
[2025-12-15 22:38:04]               Location: (336605,0) to (337755,2300)
[2025-12-15 22:38:04] 
[2025-12-15 22:38:04] Pin #106: out_30
[2025-12-15 22:38:04]     Box 1: Layer=met3, Size=3400x1700 DBU
[2025-12-15 22:38:04]               Location: (0,5950) to (3400,7650)
[2025-12-15 22:38:04] 
[2025-12-15 22:38:04] Pin #107: out_31
[2025-12-15 22:38:04]     Box 1: Layer=met3, Size=3400x1700 DBU
[2025-12-15 22:38:04]               Location: (0,114750) to (3400,116450)
[2025-12-15 22:38:04] 
[2025-12-15 22:38:04] Pin #108: out_32
[2025-12-15 22:38:04]     Box 1: Layer=met3, Size=3400x1700 DBU
[2025-12-15 22:38:04]               Location: (0,223550) to (3400,225250)
[2025-12-15 22:38:04] 
[2025-12-15 22:38:04] Pin #109: out_33
[2025-12-15 22:38:04]     Box 1: Layer=met3, Size=3400x1700 DBU
[2025-12-15 22:38:04]               Location: (0,332350) to (3400,334050)
[2025-12-15 22:38:04] 
[2025-12-15 22:38:04] Pin #110: out_34
[2025-12-15 22:38:04]     Box 1: Layer=met3, Size=3400x1700 DBU
[2025-12-15 22:38:04]               Location: (0,441150) to (3400,442850)
[2025-12-15 22:38:04] 
[2025-12-15 22:38:04] Pin #111: out_35
[2025-12-15 22:38:04]     Box 1: Layer=met3, Size=3400x1700 DBU
[2025-12-15 22:38:04]               Location: (0,549950) to (3400,551650)
[2025-12-15 22:38:04] 
[2025-12-15 22:38:04] Pin #112: out_36
[2025-12-15 22:38:04]     Box 1: Layer=met3, Size=3400x1700 DBU
[2025-12-15 22:38:04]               Location: (0,658750) to (3400,660450)
[2025-12-15 22:38:04] 
[2025-12-15 22:38:04] Pin #113: out_37
[2025-12-15 22:38:04]     Box 1: Layer=met3, Size=3400x1700 DBU
[2025-12-15 22:38:04]               Location: (0,767550) to (3400,769250)
[2025-12-15 22:38:04] 
[2025-12-15 22:38:04] Pin #114: out_38
[2025-12-15 22:38:04]     Box 1: Layer=met3, Size=3400x1700 DBU
[2025-12-15 22:38:04]               Location: (0,876350) to (3400,878050)
[2025-12-15 22:38:04] 
[2025-12-15 22:38:04] Pin #115: out_39
[2025-12-15 22:38:04]     Box 1: Layer=met3, Size=3400x1700 DBU
[2025-12-15 22:38:04]               Location: (0,984470) to (3400,986170)
[2025-12-15 22:38:04] 
[2025-12-15 22:38:04] Pin #116: out_4
[2025-12-15 22:38:04]     Box 1: Layer=met2, Size=1150x2300 DBU
[2025-12-15 22:38:04]               Location: (447005,0) to (448155,2300)
[2025-12-15 22:38:04] 
[2025-12-15 22:38:04] Pin #117: out_5
[2025-12-15 22:38:04]     Box 1: Layer=met2, Size=1150x2300 DBU
[2025-12-15 22:38:04]               Location: (557405,0) to (558555,2300)
[2025-12-15 22:38:04] 
[2025-12-15 22:38:04] Pin #118: out_6
[2025-12-15 22:38:04]     Box 1: Layer=met2, Size=1150x2300 DBU
[2025-12-15 22:38:04]               Location: (667805,0) to (668955,2300)
[2025-12-15 22:38:04] 
[2025-12-15 22:38:04] Pin #119: out_7
[2025-12-15 22:38:04]     Box 1: Layer=met2, Size=1150x2300 DBU
[2025-12-15 22:38:04]               Location: (778205,0) to (779355,2300)
[2025-12-15 22:38:04] 
[2025-12-15 22:38:04] Pin #120: out_8
[2025-12-15 22:38:04]     Box 1: Layer=met2, Size=1150x2300 DBU
[2025-12-15 22:38:04]               Location: (888605,0) to (889755,2300)
[2025-12-15 22:38:04] 
[2025-12-15 22:38:04] Pin #121: out_9
[2025-12-15 22:38:04]     Box 1: Layer=met2, Size=1150x2300 DBU
[2025-12-15 22:38:04]               Location: (999005,0) to (1000155,2300)
[2025-12-15 22:38:04] 
[2025-12-15 22:38:04] Pin #122: rst_n
[2025-12-15 22:38:04]     Box 1: Layer=met2, Size=1150x2300 DBU
[2025-12-15 22:38:04]               Location: (500365,0) to (501515,2300)
[2025-12-15 22:38:04] 
[2025-12-15 22:38:04] Total I/O pins analyzed: 122
[2025-12-15 22:38:04] 
[2025-12-15 22:38:04] ==========================================
[2025-12-15 22:38:04] PHASE 8: Global Routing
[2025-12-15 22:38:04] ==========================================
[2025-12-15 22:38:04] 
[2025-12-15 22:38:04] Starting global routing at 22:38:04
[2025-12-15 22:38:04] 
[2025-12-15 22:38:05] SUCCESS: Global routing completed
[2025-12-15 22:38:05] 
[2025-12-15 22:38:05] Global routing took 1 seconds (0 minutes)
[2025-12-15 22:38:05] 
[2025-12-15 22:38:05] ==========================================
[2025-12-15 22:38:05] PHASE 9: Detailed Routing
[2025-12-15 22:38:05] ==========================================
[2025-12-15 22:38:05] 
[2025-12-15 22:38:05] Starting detailed routing at 22:38:05
[2025-12-15 22:38:05] This is the slowest phase and may take 30-60 minutes for this design size
[2025-12-15 22:38:05] 
[2025-12-15 22:38:05] DETAILED ROUTING PARAMETERS:
[2025-12-15 22:38:05]   Verbose level: 1
[2025-12-15 22:38:05]   Bottom layer: met1
[2025-12-15 22:38:05]   Top layer: met5
[2025-12-15 22:38:05]   OR seed: 1
[2025-12-15 22:38:05] 
[2025-12-15 22:38:05] If this hangs, check:
[2025-12-15 22:38:05]   1. CPU usage (should be 100%): ps aux | grep openroad
[2025-12-15 22:38:05]   2. Maze log growth: tail -f build/6502/6502_maze.log
[2025-12-15 22:38:05]   3. Memory usage: watch 'free -h'
[2025-12-15 22:38:05] 
[2025-12-15 22:38:05] Starting detailed_route command now...
[2025-12-15 22:38:05] ---------- DETAILED ROUTE OUTPUT BEGINS ----------
[2025-12-16 05:53:56] ---------- DETAILED ROUTE OUTPUT ENDS ----------
[2025-12-16 05:53:56] 
[2025-12-16 05:53:56] SUCCESS: Detailed routing completed!
[2025-12-16 05:53:56] Time completed: 05:53:56
[2025-12-16 05:53:56] Elapsed time: 26151 seconds (435 minutes)
[2025-12-16 05:53:56] 
[2025-12-16 05:53:56] ==========================================
[2025-12-16 05:53:56] DETAILED VIOLATION ANALYSIS
[2025-12-16 05:53:56] ==========================================
[2025-12-16 05:53:56] 
[2025-12-16 05:53:56] VIOLATION SUMMARY:
[2025-12-16 05:53:56]   Total violations: 2614
[2025-12-16 05:53:56]   - Shorts: 2230
[2025-12-16 05:53:56]   - Spacing violations: 383
[2025-12-16 05:53:56]   - Width violations: 0
[2025-12-16 05:53:56]   - Via violations: 0
[2025-12-16 05:53:56]   - Other violations: 1
[2025-12-16 05:53:56] 
[2025-12-16 05:53:56] VIOLATIONS BY LAYER:
[2025-12-16 05:53:56]   met1: 1253
[2025-12-16 05:53:56]   met2: 1043
[2025-12-16 05:53:56]   met3: 209
[2025-12-16 05:53:56]   met4: 106
[2025-12-16 05:53:56]   other: 3
[2025-12-16 05:53:56] 
[2025-12-16 05:53:56] SAMPLE VIOLATIONS (first 10):
[2025-12-16 05:53:56] ----------------------------
[2025-12-16 05:53:56] violation type: Short
  	srcs: net:net_2326 net:net_491
  	bbox = (280.3000, 258.5000) - (280.4400, 258.6400) on Layer met1
[2025-12-16 05:53:56] violation type: Short
  	srcs: net:net_635 net:net_638
  	bbox = (278.9200, 267.0000) - (279.0600, 267.1400) on Layer met1
[2025-12-16 05:53:56] violation type: Short
  	srcs: net:net_2026
  	bbox = (299.6200, 192.8800) - (299.7600, 193.3600) on Layer met1
[2025-12-16 05:53:56] violation type: Short
  	srcs: net:net_871
  	bbox = (297.5500, 220.0800) - (297.6900, 220.5600) on Layer met1
[2025-12-16 05:53:56] violation type: Short
  	srcs: net:net_777
  	bbox = (301.9200, 225.5200) - (302.0600, 226.0000) on Layer met1
[2025-12-16 05:53:56] violation type: Short
  	srcs: net:net_1205
  	bbox = (299.1600, 225.5200) - (299.3000, 226.0000) on Layer met1
[2025-12-16 05:53:56] violation type: Short
  	srcs: net:net_2641
  	bbox = (299.6200, 217.3600) - (299.7600, 217.8400) on Layer met1
[2025-12-16 05:53:56] violation type: Short
  	srcs: net:net_1133 net:tie_hi_T10Y17
  	bbox = (299.1600, 191.8600) - (299.3000, 192.0000) on Layer met1
[2025-12-16 05:53:56] violation type: Short
  	srcs: net:net_1386 net:net_472
  	bbox = (298.2400, 188.1200) - (298.3800, 188.2600) on Layer met1
[2025-12-16 05:53:56] violation type: Short
  	srcs: net:net_2176 net:net_472
  	bbox = (298.2400, 188.4600) - (298.3800, 188.6000) on Layer met1
[2025-12-16 05:53:56] 
[2025-12-16 05:53:56] ==========================================
[2025-12-16 05:53:56] 
[2025-12-16 05:53:56] 
[2025-12-16 05:53:56] ==========================================
[2025-12-16 05:53:56] PHASE 10: DRC Analysis
[2025-12-16 05:53:56] ==========================================
[2025-12-16 05:53:56] 
[2025-12-16 05:53:56] DRC report size: 317096 bytes
[2025-12-16 05:53:56] WARNING: DRC violations detected!
[2025-12-16 05:53:56] 
[2025-12-16 05:53:57] Total violations found: 2614
[2025-12-16 05:53:57] 
[2025-12-16 05:53:57] First 20 violations:
[2025-12-16 05:53:57] -------------------
[2025-12-16 05:53:57]   violation type: Short
[2025-12-16 05:53:57]   violation type: Short
[2025-12-16 05:53:57]   violation type: Short
[2025-12-16 05:53:57]   violation type: Short
[2025-12-16 05:53:57]   violation type: Short
[2025-12-16 05:53:57]   violation type: Short
[2025-12-16 05:53:57]   violation type: Short
[2025-12-16 05:53:57]   violation type: Short
[2025-12-16 05:53:57]   violation type: Short
[2025-12-16 05:53:57]   violation type: Short
[2025-12-16 05:53:57]   violation type: Short
[2025-12-16 05:53:57]   violation type: Short
[2025-12-16 05:53:57]   violation type: Short
[2025-12-16 05:53:57]   violation type: Short
[2025-12-16 05:53:57]   violation type: Short
[2025-12-16 05:53:57]   violation type: Short
[2025-12-16 05:53:57]   violation type: Short
[2025-12-16 05:53:57]   violation type: Short
[2025-12-16 05:53:57]   violation type: Short
[2025-12-16 05:53:57]   violation type: Short
[2025-12-16 05:53:57]   ... and 2594 more violations
[2025-12-16 05:53:57] 
[2025-12-16 05:53:57] ==========================================
[2025-12-16 05:53:57] PHASE 11: Routing Statistics
[2025-12-16 05:53:57] ==========================================
[2025-12-16 05:53:57] 
[2025-12-16 05:53:57] ROUTING STATISTICS:
[2025-12-16 05:53:57]   Total nets: 9637
[2025-12-16 05:53:57]   Routed nets: 9215
[2025-12-16 05:53:57]   Unrouted nets: 422
[2025-12-16 05:53:57]   Routing completion: 95.62%
[2025-12-16 05:53:57] 
[2025-12-16 05:53:57] Unrouted nets (first 20):
[2025-12-16 05:53:57]     in_0
[2025-12-16 05:53:57]     in_1
[2025-12-16 05:53:57]     in_10
[2025-12-16 05:53:57]     in_11
[2025-12-16 05:53:57]     in_12
[2025-12-16 05:53:57]     in_13
[2025-12-16 05:53:57]     in_14
[2025-12-16 05:53:57]     in_15
[2025-12-16 05:53:57]     in_2
[2025-12-16 05:53:57]     in_24
[2025-12-16 05:53:57]     in_25
[2025-12-16 05:53:57]     in_26
[2025-12-16 05:53:57]     in_27
[2025-12-16 05:53:57]     in_28
[2025-12-16 05:53:57]     in_29
[2025-12-16 05:53:57]     in_3
[2025-12-16 05:53:57]     in_30
[2025-12-16 05:53:57]     in_31
[2025-12-16 05:53:57]     in_32
[2025-12-16 05:53:57]     in_36
[2025-12-16 05:53:57]     ... and 402 more
[2025-12-16 05:53:57] 
[2025-12-16 05:53:57] ==========================================
[2025-12-16 05:53:57] PHASE 12: Writing Output Files
[2025-12-16 05:53:57] ==========================================
[2025-12-16 05:53:57] 
[2025-12-16 05:53:57] Writing final routed DEF to build/6502/6502_routed.def...
[2025-12-16 05:53:57] SUCCESS: DEF written (37821 KB)
[2025-12-16 05:53:57] 
[2025-12-16 05:53:57] Writing routing guides to build/6502/6502.guide...
[2025-12-16 05:53:57] SUCCESS: Routing guides written
[2025-12-16 05:53:57] 
[2025-12-16 05:53:57] ==========================================
[2025-12-16 05:53:57] ROUTING SCRIPT COMPLETED SUCCESSFULLY
[2025-12-16 05:53:57] ==========================================
[2025-12-16 05:53:57] 
[2025-12-16 05:53:57] SUMMARY:
[2025-12-16 05:53:57] --------
[2025-12-16 05:53:57] 
[2025-12-16 05:53:57] Output files:
[2025-12-16 05:53:57]   - build/6502/6502_routed.def (final routed design)
[2025-12-16 05:53:57]   - build/6502/6502_route_drc.rpt (DRC violations)
[2025-12-16 05:53:57]   - build/6502/6502_maze.log (detailed routing log)
[2025-12-16 05:53:57]   - build/6502/6502.guide (routing guides)
[2025-12-16 05:53:57]   - build/6502/routing_debug.log (this log file)
[2025-12-16 05:53:57] 
[2025-12-16 05:53:57] ==========================================
[2025-12-16 05:53:57] 
[2025-12-16 05:53:57] Full debug log written to: build/6502/routing_debug.log
[2025-12-16 05:53:57] 
[2025-12-16 05:53:57] =======Reporting Congestion=======
[2025-12-16 05:53:57] WARNING: Could not get congestion grid: invalid command name "grt::get_congestion_grid"
[2025-12-16 05:53:57] 
[2025-12-16 05:53:57] =======Extracting Parasitics=======
[2025-12-16 05:54:01] SUCCESS: Parasitics extracted
[2025-12-16 05:54:01] =======Writing SPEF=======
[2025-12-16 05:54:02] SUCCESS: SPEF written to build/6502/6502.spef
