[2025-12-13 20:12:44] ==========================================
[2025-12-13 20:12:44] OpenROAD Routing Script - FULL DEBUG MODE
[2025-12-13 20:12:44] ==========================================
[2025-12-13 20:12:44] Design: arith
[2025-12-13 20:12:44] Process ID: 222546
[2025-12-13 20:12:44] Working directory: /home/g5/Downloads/Structured-ASIC-Routing (1)/Structured-ASIC-Routing
[2025-12-13 20:12:44] 
[2025-12-13 20:12:44] Clearing any existing database...
[2025-12-13 20:12:44] 
[2025-12-13 20:12:44] ==========================================
[2025-12-13 20:12:44] PHASE 1: Reading Technology Files
[2025-12-13 20:12:44] ==========================================
[2025-12-13 20:12:44] 
[2025-12-13 20:12:44] Reading merged LEF: tech/sky130_merged.lef
[2025-12-13 20:12:44] SUCCESS: LEF loaded
[2025-12-13 20:12:44] 
[2025-12-13 20:12:44] Reading Liberty file: tech/sky130_fd_sc_hd__tt_025C_1v80.lib
[2025-12-13 20:12:44] SUCCESS: Liberty loaded
[2025-12-13 20:12:44] 
[2025-12-13 20:12:44] ==========================================
[2025-12-13 20:12:44] PHASE 2: Reading Design Files
[2025-12-13 20:12:44] ==========================================
[2025-12-13 20:12:44] 
[2025-12-13 20:12:44] Reading Verilog netlist: build/arith/arith_final.v
[2025-12-13 20:12:44] SUCCESS: Verilog loaded
[2025-12-13 20:12:44] 
[2025-12-13 20:12:44] Reading DEF: build/arith/arith_fixed.def
[2025-12-13 20:12:44] SUCCESS: DEF loaded
[2025-12-13 20:12:44] 
[2025-12-13 20:12:44] ==========================================
[2025-12-13 20:12:44] PHASE 3: Design Statistics
[2025-12-13 20:12:44] ==========================================
[2025-12-13 20:12:44] 
[2025-12-13 20:12:44] Counting instances...
[2025-12-13 20:12:44]   Counted 10000 instances so far...
[2025-12-13 20:12:44]   Counted 20000 instances so far...
[2025-12-13 20:12:44]   Counted 30000 instances so far...
[2025-12-13 20:12:44]   Counted 40000 instances so far...
[2025-12-13 20:12:44]   Counted 50000 instances so far...
[2025-12-13 20:12:44]   Counted 60000 instances so far...
[2025-12-13 20:12:44]   Counted 70000 instances so far...
[2025-12-13 20:12:44]   Counted 80000 instances so far...
[2025-12-13 20:12:44]   Counted 90000 instances so far...
[2025-12-13 20:12:44]   Counted 100000 instances so far...
[2025-12-13 20:12:44] Counting nets...
[2025-12-13 20:12:44]   Counted 1000 nets so far...
[2025-12-13 20:12:44]   Counted 2000 nets so far...
[2025-12-13 20:12:44]   Counted 3000 nets so far...
[2025-12-13 20:12:44]   Counted 4000 nets so far...
[2025-12-13 20:12:44]   Counted 5000 nets so far...
[2025-12-13 20:12:44]   Counted 6000 nets so far...
[2025-12-13 20:12:44]   Counted 7000 nets so far...
[2025-12-13 20:12:44] Counting I/O pins...
[2025-12-13 20:12:44] 
[2025-12-13 20:12:44] DESIGN STATISTICS:
[2025-12-13 20:12:44]   Instances: 103694
[2025-12-13 20:12:44]   Nets: 7001
[2025-12-13 20:12:44]   I/O Pins: 122
[2025-12-13 20:12:44]   Die Area: (0,0) to (1003600,989200)
[2025-12-13 20:12:44] 
[2025-12-13 20:12:44] ==========================================
[2025-12-13 20:12:44] PHASE 4: Clock Constraints
[2025-12-13 20:12:44] ==========================================
[2025-12-13 20:12:44] 
[2025-12-13 20:12:44] Creating clock constraints on port 'clk' with period 10.0ns...
[2025-12-13 20:12:44] SUCCESS: Clock created
[2025-12-13 20:12:44] Propagating clock to sequential cells...
[2025-12-13 20:12:44] SUCCESS: Clock propagated
[2025-12-13 20:12:44] 
[2025-12-13 20:12:44] ==========================================
[2025-12-13 20:12:44] PHASE 5: Routing Track Setup
[2025-12-13 20:12:44] ==========================================
[2025-12-13 20:12:44] 
[2025-12-13 20:12:44] Configuring routing tracks for each layer...
[2025-12-13 20:12:44]   Setting up li1 tracks...
[2025-12-13 20:12:44]   Setting up met1 tracks...
[2025-12-13 20:12:44]   Setting up met2 tracks...
[2025-12-13 20:12:44]   Setting up met3 tracks...
[2025-12-13 20:12:44]   Setting up met4 tracks...
[2025-12-13 20:12:44]   Setting up met5 tracks...
[2025-12-13 20:12:44] SUCCESS: All routing tracks configured
[2025-12-13 20:12:44] 
[2025-12-13 20:12:44] ==========================================
[2025-12-13 20:12:44] PHASE 6: Placement Check
[2025-12-13 20:12:44] ==========================================
[2025-12-13 20:12:44] 
[2025-12-13 20:12:44] Running placement quality check...
[2025-12-13 20:12:44] SUCCESS: Placement check passed
[2025-12-13 20:12:44] 
[2025-12-13 20:12:44] ==========================================
[2025-12-13 20:12:44] PHASE 7: I/O Pin Analysis
[2025-12-13 20:12:44] ==========================================
[2025-12-13 20:12:44] 
[2025-12-13 20:12:44] Analyzing all I/O pins in detail...
[2025-12-13 20:12:44] 
[2025-12-13 20:12:44] Pin #1: clk
[2025-12-13 20:12:44]     Box 1: Layer=met2, Size=1150x1150 DBU
[2025-12-13 20:12:44]               Location: (501055,0) to (502205,1150)
[2025-12-13 20:12:44] 
[2025-12-13 20:12:44] Pin #2: in_0
[2025-12-13 20:12:44]     Box 1: Layer=met2, Size=1150x1150 DBU
[2025-12-13 20:12:44]               Location: (4255,0) to (5405,1150)
[2025-12-13 20:12:44] 
[2025-12-13 20:12:44] Pin #3: in_1
[2025-12-13 20:12:44]     Box 1: Layer=met2, Size=1150x1150 DBU
[2025-12-13 20:12:44]               Location: (114195,0) to (115345,1150)
[2025-12-13 20:12:44] 
[2025-12-13 20:12:44] Pin #4: in_10
[2025-12-13 20:12:44]     Box 1: Layer=met3, Size=1700x1700 DBU
[2025-12-13 20:12:44]               Location: (1001900,3570) to (1003600,5270)
[2025-12-13 20:12:44] 
[2025-12-13 20:12:44] Pin #5: in_11
[2025-12-13 20:12:44]     Box 1: Layer=met3, Size=1700x1700 DBU
[2025-12-13 20:12:44]               Location: (1001900,112370) to (1003600,114070)
[2025-12-13 20:12:44] 
[2025-12-13 20:12:44] Pin #6: in_12
[2025-12-13 20:12:44]     Box 1: Layer=met3, Size=1700x1700 DBU
[2025-12-13 20:12:44]               Location: (1001900,221170) to (1003600,222870)
[2025-12-13 20:12:44] 
[2025-12-13 20:12:44] Pin #7: in_13
[2025-12-13 20:12:44]     Box 1: Layer=met3, Size=1700x1700 DBU
[2025-12-13 20:12:44]               Location: (1001900,329970) to (1003600,331670)
[2025-12-13 20:12:44] 
[2025-12-13 20:12:44] Pin #8: in_14
[2025-12-13 20:12:44]     Box 1: Layer=met3, Size=1700x1700 DBU
[2025-12-13 20:12:44]               Location: (1001900,438770) to (1003600,440470)
[2025-12-13 20:12:44] 
[2025-12-13 20:12:44] Pin #9: in_15
[2025-12-13 20:12:44]     Box 1: Layer=met3, Size=1700x1700 DBU
[2025-12-13 20:12:44]               Location: (1001900,547570) to (1003600,549270)
[2025-12-13 20:12:44] 
[2025-12-13 20:12:44] Pin #10: in_16
[2025-12-13 20:12:44]     Box 1: Layer=met3, Size=1700x1700 DBU
[2025-12-13 20:12:44]               Location: (1001900,656370) to (1003600,658070)
[2025-12-13 20:12:44] 
[2025-12-13 20:12:44] Pin #11: in_17
[2025-12-13 20:12:44]     Box 1: Layer=met3, Size=1700x1700 DBU
[2025-12-13 20:12:44]               Location: (1001900,765170) to (1003600,766870)
[2025-12-13 20:12:44] 
[2025-12-13 20:12:44] Pin #12: in_18
[2025-12-13 20:12:44]     Box 1: Layer=met3, Size=1700x1700 DBU
[2025-12-13 20:12:44]               Location: (1001900,873970) to (1003600,875670)
[2025-12-13 20:12:44] 
[2025-12-13 20:12:44] Pin #13: in_19
[2025-12-13 20:12:44]     Box 1: Layer=met3, Size=1700x1700 DBU
[2025-12-13 20:12:44]               Location: (1001900,982090) to (1003600,983790)
[2025-12-13 20:12:44] 
[2025-12-13 20:12:44] Pin #14: in_2
[2025-12-13 20:12:44]     Box 1: Layer=met2, Size=1150x1150 DBU
[2025-12-13 20:12:44]               Location: (224595,0) to (225745,1150)
[2025-12-13 20:12:44] 
[2025-12-13 20:12:44] Pin #15: in_20
[2025-12-13 20:12:44]     Box 1: Layer=met2, Size=1150x1150 DBU
[2025-12-13 20:12:44]               Location: (4255,988050) to (5405,989200)
[2025-12-13 20:12:44] 
[2025-12-13 20:12:44] Pin #16: in_21
[2025-12-13 20:12:44]     Box 1: Layer=met2, Size=1150x1150 DBU
[2025-12-13 20:12:44]               Location: (114195,988050) to (115345,989200)
[2025-12-13 20:12:44] 
[2025-12-13 20:12:44] Pin #17: in_22
[2025-12-13 20:12:44]     Box 1: Layer=met2, Size=1150x1150 DBU
[2025-12-13 20:12:44]               Location: (224595,988050) to (225745,989200)
[2025-12-13 20:12:44] 
[2025-12-13 20:12:44] Pin #18: in_23
[2025-12-13 20:12:44]     Box 1: Layer=met2, Size=1150x1150 DBU
[2025-12-13 20:12:44]               Location: (334995,988050) to (336145,989200)
[2025-12-13 20:12:44] 
[2025-12-13 20:12:44] Pin #19: in_24
[2025-12-13 20:12:44]     Box 1: Layer=met2, Size=1150x1150 DBU
[2025-12-13 20:12:44]               Location: (445395,988050) to (446545,989200)
[2025-12-13 20:12:44] 
[2025-12-13 20:12:44] Pin #20: in_25
[2025-12-13 20:12:44]     Box 1: Layer=met2, Size=1150x1150 DBU
[2025-12-13 20:12:44]               Location: (555795,988050) to (556945,989200)
[2025-12-13 20:12:44] 
[2025-12-13 20:12:44] Pin #21: in_26
[2025-12-13 20:12:44]     Box 1: Layer=met2, Size=1150x1150 DBU
[2025-12-13 20:12:44]               Location: (666195,988050) to (667345,989200)
[2025-12-13 20:12:44] 
[2025-12-13 20:12:44] Pin #22: in_27
[2025-12-13 20:12:44]     Box 1: Layer=met2, Size=1150x1150 DBU
[2025-12-13 20:12:44]               Location: (776595,988050) to (777745,989200)
[2025-12-13 20:12:44] 
[2025-12-13 20:12:44] Pin #23: in_28
[2025-12-13 20:12:44]     Box 1: Layer=met2, Size=1150x1150 DBU
[2025-12-13 20:12:44]               Location: (886995,988050) to (888145,989200)
[2025-12-13 20:12:44] 
[2025-12-13 20:12:44] Pin #24: in_29
[2025-12-13 20:12:44]     Box 1: Layer=met2, Size=1150x1150 DBU
[2025-12-13 20:12:44]               Location: (997395,988050) to (998545,989200)
[2025-12-13 20:12:44] 
[2025-12-13 20:12:44] Pin #25: in_3
[2025-12-13 20:12:44]     Box 1: Layer=met2, Size=1150x1150 DBU
[2025-12-13 20:12:44]               Location: (334995,0) to (336145,1150)
[2025-12-13 20:12:44] 
[2025-12-13 20:12:44] Pin #26: in_30
[2025-12-13 20:12:44]     Box 1: Layer=met3, Size=1700x1700 DBU
[2025-12-13 20:12:44]               Location: (0,3570) to (1700,5270)
[2025-12-13 20:12:44] 
[2025-12-13 20:12:44] Pin #27: in_31
[2025-12-13 20:12:44]     Box 1: Layer=met3, Size=1700x1700 DBU
[2025-12-13 20:12:44]               Location: (0,112370) to (1700,114070)
[2025-12-13 20:12:44] 
[2025-12-13 20:12:44] Pin #28: in_32
[2025-12-13 20:12:44]     Box 1: Layer=met3, Size=1700x1700 DBU
[2025-12-13 20:12:44]               Location: (0,221170) to (1700,222870)
[2025-12-13 20:12:44] 
[2025-12-13 20:12:44] Pin #29: in_33
[2025-12-13 20:12:44]     Box 1: Layer=met3, Size=1700x1700 DBU
[2025-12-13 20:12:44]               Location: (0,329970) to (1700,331670)
[2025-12-13 20:12:44] 
[2025-12-13 20:12:44] Pin #30: in_34
[2025-12-13 20:12:44]     Box 1: Layer=met3, Size=1700x1700 DBU
[2025-12-13 20:12:44]               Location: (0,438770) to (1700,440470)
[2025-12-13 20:12:44] 
[2025-12-13 20:12:44] Pin #31: in_35
[2025-12-13 20:12:44]     Box 1: Layer=met3, Size=1700x1700 DBU
[2025-12-13 20:12:44]               Location: (0,547570) to (1700,549270)
[2025-12-13 20:12:44] 
[2025-12-13 20:12:44] Pin #32: in_36
[2025-12-13 20:12:44]     Box 1: Layer=met3, Size=1700x1700 DBU
[2025-12-13 20:12:44]               Location: (0,656370) to (1700,658070)
[2025-12-13 20:12:44] 
[2025-12-13 20:12:44] Pin #33: in_37
[2025-12-13 20:12:44]     Box 1: Layer=met3, Size=1700x1700 DBU
[2025-12-13 20:12:44]               Location: (0,765170) to (1700,766870)
[2025-12-13 20:12:44] 
[2025-12-13 20:12:44] Pin #34: in_38
[2025-12-13 20:12:44]     Box 1: Layer=met3, Size=1700x1700 DBU
[2025-12-13 20:12:44]               Location: (0,873970) to (1700,875670)
[2025-12-13 20:12:44] 
[2025-12-13 20:12:44] Pin #35: in_39
[2025-12-13 20:12:44]     Box 1: Layer=met3, Size=1700x1700 DBU
[2025-12-13 20:12:44]               Location: (0,982090) to (1700,983790)
[2025-12-13 20:12:44] 
[2025-12-13 20:12:44] Pin #36: in_4
[2025-12-13 20:12:44]     Box 1: Layer=met2, Size=1150x1150 DBU
[2025-12-13 20:12:44]               Location: (445395,0) to (446545,1150)
[2025-12-13 20:12:44] 
[2025-12-13 20:12:44] Pin #37: in_5
[2025-12-13 20:12:44]     Box 1: Layer=met2, Size=1150x1150 DBU
[2025-12-13 20:12:44]               Location: (555795,0) to (556945,1150)
[2025-12-13 20:12:44] 
[2025-12-13 20:12:44] Pin #38: in_6
[2025-12-13 20:12:44]     Box 1: Layer=met2, Size=1150x1150 DBU
[2025-12-13 20:12:44]               Location: (666195,0) to (667345,1150)
[2025-12-13 20:12:44] 
[2025-12-13 20:12:44] Pin #39: in_7
[2025-12-13 20:12:44]     Box 1: Layer=met2, Size=1150x1150 DBU
[2025-12-13 20:12:44]               Location: (776595,0) to (777745,1150)
[2025-12-13 20:12:44] 
[2025-12-13 20:12:44] Pin #40: in_8
[2025-12-13 20:12:44]     Box 1: Layer=met2, Size=1150x1150 DBU
[2025-12-13 20:12:44]               Location: (886995,0) to (888145,1150)
[2025-12-13 20:12:44] 
[2025-12-13 20:12:44] Pin #41: in_9
[2025-12-13 20:12:44]     Box 1: Layer=met2, Size=1150x1150 DBU
[2025-12-13 20:12:44]               Location: (997395,0) to (998545,1150)
[2025-12-13 20:12:44] 
[2025-12-13 20:12:44] Pin #42: oeb_0
[2025-12-13 20:12:44]     Box 1: Layer=met2, Size=1150x1150 DBU
[2025-12-13 20:12:44]               Location: (5175,0) to (6325,1150)
[2025-12-13 20:12:44] 
[2025-12-13 20:12:44] Pin #43: oeb_1
[2025-12-13 20:12:44]     Box 1: Layer=met2, Size=1150x1150 DBU
[2025-12-13 20:12:44]               Location: (115115,0) to (116265,1150)
[2025-12-13 20:12:44] 
[2025-12-13 20:12:44] Pin #44: oeb_10
[2025-12-13 20:12:44]     Box 1: Layer=met3, Size=1700x1700 DBU
[2025-12-13 20:12:44]               Location: (1001900,4930) to (1003600,6630)
[2025-12-13 20:12:44] 
[2025-12-13 20:12:44] Pin #45: oeb_11
[2025-12-13 20:12:44]     Box 1: Layer=met3, Size=1700x1700 DBU
[2025-12-13 20:12:44]               Location: (1001900,113730) to (1003600,115430)
[2025-12-13 20:12:44] 
[2025-12-13 20:12:44] Pin #46: oeb_12
[2025-12-13 20:12:44]     Box 1: Layer=met3, Size=1700x1700 DBU
[2025-12-13 20:12:44]               Location: (1001900,222530) to (1003600,224230)
[2025-12-13 20:12:44] 
[2025-12-13 20:12:44] Pin #47: oeb_13
[2025-12-13 20:12:44]     Box 1: Layer=met3, Size=1700x1700 DBU
[2025-12-13 20:12:44]               Location: (1001900,331330) to (1003600,333030)
[2025-12-13 20:12:44] 
[2025-12-13 20:12:44] Pin #48: oeb_14
[2025-12-13 20:12:44]     Box 1: Layer=met3, Size=1700x1700 DBU
[2025-12-13 20:12:44]               Location: (1001900,440130) to (1003600,441830)
[2025-12-13 20:12:44] 
[2025-12-13 20:12:44] Pin #49: oeb_15
[2025-12-13 20:12:44]     Box 1: Layer=met3, Size=1700x1700 DBU
[2025-12-13 20:12:44]               Location: (1001900,548930) to (1003600,550630)
[2025-12-13 20:12:44] 
[2025-12-13 20:12:44] Pin #50: oeb_16
[2025-12-13 20:12:44]     Box 1: Layer=met3, Size=1700x1700 DBU
[2025-12-13 20:12:44]               Location: (1001900,657730) to (1003600,659430)
[2025-12-13 20:12:44] 
[2025-12-13 20:12:44] Pin #51: oeb_17
[2025-12-13 20:12:44]     Box 1: Layer=met3, Size=1700x1700 DBU
[2025-12-13 20:12:44]               Location: (1001900,766530) to (1003600,768230)
[2025-12-13 20:12:44] 
[2025-12-13 20:12:44] Pin #52: oeb_18
[2025-12-13 20:12:44]     Box 1: Layer=met3, Size=1700x1700 DBU
[2025-12-13 20:12:44]               Location: (1001900,875330) to (1003600,877030)
[2025-12-13 20:12:44] 
[2025-12-13 20:12:44] Pin #53: oeb_19
[2025-12-13 20:12:44]     Box 1: Layer=met3, Size=1700x1700 DBU
[2025-12-13 20:12:44]               Location: (1001900,983450) to (1003600,985150)
[2025-12-13 20:12:44] 
[2025-12-13 20:12:44] Pin #54: oeb_2
[2025-12-13 20:12:44]     Box 1: Layer=met2, Size=1150x1150 DBU
[2025-12-13 20:12:44]               Location: (225515,0) to (226665,1150)
[2025-12-13 20:12:44] 
[2025-12-13 20:12:44] Pin #55: oeb_20
[2025-12-13 20:12:44]     Box 1: Layer=met2, Size=1150x1150 DBU
[2025-12-13 20:12:44]               Location: (5175,988050) to (6325,989200)
[2025-12-13 20:12:44] 
[2025-12-13 20:12:44] Pin #56: oeb_21
[2025-12-13 20:12:44]     Box 1: Layer=met2, Size=1150x1150 DBU
[2025-12-13 20:12:44]               Location: (115115,988050) to (116265,989200)
[2025-12-13 20:12:44] 
[2025-12-13 20:12:44] Pin #57: oeb_22
[2025-12-13 20:12:44]     Box 1: Layer=met2, Size=1150x1150 DBU
[2025-12-13 20:12:44]               Location: (225515,988050) to (226665,989200)
[2025-12-13 20:12:44] 
[2025-12-13 20:12:44] Pin #58: oeb_23
[2025-12-13 20:12:44]     Box 1: Layer=met2, Size=1150x1150 DBU
[2025-12-13 20:12:44]               Location: (335915,988050) to (337065,989200)
[2025-12-13 20:12:44] 
[2025-12-13 20:12:44] Pin #59: oeb_24
[2025-12-13 20:12:44]     Box 1: Layer=met2, Size=1150x1150 DBU
[2025-12-13 20:12:44]               Location: (446315,988050) to (447465,989200)
[2025-12-13 20:12:44] 
[2025-12-13 20:12:44] Pin #60: oeb_25
[2025-12-13 20:12:44]     Box 1: Layer=met2, Size=1150x1150 DBU
[2025-12-13 20:12:44]               Location: (556715,988050) to (557865,989200)
[2025-12-13 20:12:44] 
[2025-12-13 20:12:44] Pin #61: oeb_26
[2025-12-13 20:12:44]     Box 1: Layer=met2, Size=1150x1150 DBU
[2025-12-13 20:12:44]               Location: (667115,988050) to (668265,989200)
[2025-12-13 20:12:44] 
[2025-12-13 20:12:44] Pin #62: oeb_27
[2025-12-13 20:12:44]     Box 1: Layer=met2, Size=1150x1150 DBU
[2025-12-13 20:12:44]               Location: (777515,988050) to (778665,989200)
[2025-12-13 20:12:44] 
[2025-12-13 20:12:44] Pin #63: oeb_28
[2025-12-13 20:12:44]     Box 1: Layer=met2, Size=1150x1150 DBU
[2025-12-13 20:12:44]               Location: (887915,988050) to (889065,989200)
[2025-12-13 20:12:44] 
[2025-12-13 20:12:44] Pin #64: oeb_29
[2025-12-13 20:12:44]     Box 1: Layer=met2, Size=1150x1150 DBU
[2025-12-13 20:12:44]               Location: (998315,988050) to (999465,989200)
[2025-12-13 20:12:44] 
[2025-12-13 20:12:44] Pin #65: oeb_3
[2025-12-13 20:12:44]     Box 1: Layer=met2, Size=1150x1150 DBU
[2025-12-13 20:12:44]               Location: (335915,0) to (337065,1150)
[2025-12-13 20:12:44] 
[2025-12-13 20:12:44] Pin #66: oeb_30
[2025-12-13 20:12:44]     Box 1: Layer=met3, Size=1700x1700 DBU
[2025-12-13 20:12:44]               Location: (0,4930) to (1700,6630)
[2025-12-13 20:12:44] 
[2025-12-13 20:12:44] Pin #67: oeb_31
[2025-12-13 20:12:44]     Box 1: Layer=met3, Size=1700x1700 DBU
[2025-12-13 20:12:44]               Location: (0,113730) to (1700,115430)
[2025-12-13 20:12:44] 
[2025-12-13 20:12:44] Pin #68: oeb_32
[2025-12-13 20:12:44]     Box 1: Layer=met3, Size=1700x1700 DBU
[2025-12-13 20:12:44]               Location: (0,222530) to (1700,224230)
[2025-12-13 20:12:44] 
[2025-12-13 20:12:44] Pin #69: oeb_33
[2025-12-13 20:12:45]     Box 1: Layer=met3, Size=1700x1700 DBU
[2025-12-13 20:12:45]               Location: (0,331330) to (1700,333030)
[2025-12-13 20:12:45] 
[2025-12-13 20:12:45] Pin #70: oeb_34
[2025-12-13 20:12:45]     Box 1: Layer=met3, Size=1700x1700 DBU
[2025-12-13 20:12:45]               Location: (0,440130) to (1700,441830)
[2025-12-13 20:12:45] 
[2025-12-13 20:12:45] Pin #71: oeb_35
[2025-12-13 20:12:45]     Box 1: Layer=met3, Size=1700x1700 DBU
[2025-12-13 20:12:45]               Location: (0,548930) to (1700,550630)
[2025-12-13 20:12:45] 
[2025-12-13 20:12:45] Pin #72: oeb_36
[2025-12-13 20:12:45]     Box 1: Layer=met3, Size=1700x1700 DBU
[2025-12-13 20:12:45]               Location: (0,657730) to (1700,659430)
[2025-12-13 20:12:45] 
[2025-12-13 20:12:45] Pin #73: oeb_37
[2025-12-13 20:12:45]     Box 1: Layer=met3, Size=1700x1700 DBU
[2025-12-13 20:12:45]               Location: (0,766530) to (1700,768230)
[2025-12-13 20:12:45] 
[2025-12-13 20:12:45] Pin #74: oeb_38
[2025-12-13 20:12:45]     Box 1: Layer=met3, Size=1700x1700 DBU
[2025-12-13 20:12:45]               Location: (0,875330) to (1700,877030)
[2025-12-13 20:12:45] 
[2025-12-13 20:12:45] Pin #75: oeb_39
[2025-12-13 20:12:45]     Box 1: Layer=met3, Size=1700x1700 DBU
[2025-12-13 20:12:45]               Location: (0,983450) to (1700,985150)
[2025-12-13 20:12:45] 
[2025-12-13 20:12:45] Pin #76: oeb_4
[2025-12-13 20:12:45]     Box 1: Layer=met2, Size=1150x1150 DBU
[2025-12-13 20:12:45]               Location: (446315,0) to (447465,1150)
[2025-12-13 20:12:45] 
[2025-12-13 20:12:45] Pin #77: oeb_5
[2025-12-13 20:12:45]     Box 1: Layer=met2, Size=1150x1150 DBU
[2025-12-13 20:12:45]               Location: (556715,0) to (557865,1150)
[2025-12-13 20:12:45] 
[2025-12-13 20:12:45] Pin #78: oeb_6
[2025-12-13 20:12:45]     Box 1: Layer=met2, Size=1150x1150 DBU
[2025-12-13 20:12:45]               Location: (667115,0) to (668265,1150)
[2025-12-13 20:12:45] 
[2025-12-13 20:12:45] Pin #79: oeb_7
[2025-12-13 20:12:45]     Box 1: Layer=met2, Size=1150x1150 DBU
[2025-12-13 20:12:45]               Location: (777515,0) to (778665,1150)
[2025-12-13 20:12:45] 
[2025-12-13 20:12:45] Pin #80: oeb_8
[2025-12-13 20:12:45]     Box 1: Layer=met2, Size=1150x1150 DBU
[2025-12-13 20:12:45]               Location: (887915,0) to (889065,1150)
[2025-12-13 20:12:45] 
[2025-12-13 20:12:45] Pin #81: oeb_9
[2025-12-13 20:12:45]     Box 1: Layer=met2, Size=1150x1150 DBU
[2025-12-13 20:12:45]               Location: (998315,0) to (999465,1150)
[2025-12-13 20:12:45] 
[2025-12-13 20:12:45] Pin #82: out_0
[2025-12-13 20:12:45]     Box 1: Layer=met2, Size=1150x1150 DBU
[2025-12-13 20:12:45]               Location: (4715,0) to (5865,1150)
[2025-12-13 20:12:45] 
[2025-12-13 20:12:45] Pin #83: out_1
[2025-12-13 20:12:45]     Box 1: Layer=met2, Size=1150x1150 DBU
[2025-12-13 20:12:45]               Location: (114655,0) to (115805,1150)
[2025-12-13 20:12:45] 
[2025-12-13 20:12:45] Pin #84: out_10
[2025-12-13 20:12:45]     Box 1: Layer=met3, Size=1700x1700 DBU
[2025-12-13 20:12:45]               Location: (1001900,4250) to (1003600,5950)
[2025-12-13 20:12:45] 
[2025-12-13 20:12:45] Pin #85: out_11
[2025-12-13 20:12:45]     Box 1: Layer=met3, Size=1700x1700 DBU
[2025-12-13 20:12:45]               Location: (1001900,113050) to (1003600,114750)
[2025-12-13 20:12:45] 
[2025-12-13 20:12:45] Pin #86: out_12
[2025-12-13 20:12:45]     Box 1: Layer=met3, Size=1700x1700 DBU
[2025-12-13 20:12:45]               Location: (1001900,221850) to (1003600,223550)
[2025-12-13 20:12:45] 
[2025-12-13 20:12:45] Pin #87: out_13
[2025-12-13 20:12:45]     Box 1: Layer=met3, Size=1700x1700 DBU
[2025-12-13 20:12:45]               Location: (1001900,330650) to (1003600,332350)
[2025-12-13 20:12:45] 
[2025-12-13 20:12:45] Pin #88: out_14
[2025-12-13 20:12:45]     Box 1: Layer=met3, Size=1700x1700 DBU
[2025-12-13 20:12:45]               Location: (1001900,439450) to (1003600,441150)
[2025-12-13 20:12:45] 
[2025-12-13 20:12:45] Pin #89: out_15
[2025-12-13 20:12:45]     Box 1: Layer=met3, Size=1700x1700 DBU
[2025-12-13 20:12:45]               Location: (1001900,548250) to (1003600,549950)
[2025-12-13 20:12:45] 
[2025-12-13 20:12:45] Pin #90: out_16
[2025-12-13 20:12:45]     Box 1: Layer=met3, Size=1700x1700 DBU
[2025-12-13 20:12:45]               Location: (1001900,657050) to (1003600,658750)
[2025-12-13 20:12:45] 
[2025-12-13 20:12:45] Pin #91: out_17
[2025-12-13 20:12:45]     Box 1: Layer=met3, Size=1700x1700 DBU
[2025-12-13 20:12:45]               Location: (1001900,765850) to (1003600,767550)
[2025-12-13 20:12:45] 
[2025-12-13 20:12:45] Pin #92: out_18
[2025-12-13 20:12:45]     Box 1: Layer=met3, Size=1700x1700 DBU
[2025-12-13 20:12:45]               Location: (1001900,874650) to (1003600,876350)
[2025-12-13 20:12:45] 
[2025-12-13 20:12:45] Pin #93: out_19
[2025-12-13 20:12:45]     Box 1: Layer=met3, Size=1700x1700 DBU
[2025-12-13 20:12:45]               Location: (1001900,982770) to (1003600,984470)
[2025-12-13 20:12:45] 
[2025-12-13 20:12:45] Pin #94: out_2
[2025-12-13 20:12:45]     Box 1: Layer=met2, Size=1150x1150 DBU
[2025-12-13 20:12:45]               Location: (225055,0) to (226205,1150)
[2025-12-13 20:12:45] 
[2025-12-13 20:12:45] Pin #95: out_20
[2025-12-13 20:12:45]     Box 1: Layer=met2, Size=1150x1150 DBU
[2025-12-13 20:12:45]               Location: (4715,988050) to (5865,989200)
[2025-12-13 20:12:45] 
[2025-12-13 20:12:45] Pin #96: out_21
[2025-12-13 20:12:45]     Box 1: Layer=met2, Size=1150x1150 DBU
[2025-12-13 20:12:45]               Location: (114655,988050) to (115805,989200)
[2025-12-13 20:12:45] 
[2025-12-13 20:12:45] Pin #97: out_22
[2025-12-13 20:12:45]     Box 1: Layer=met2, Size=1150x1150 DBU
[2025-12-13 20:12:45]               Location: (225055,988050) to (226205,989200)
[2025-12-13 20:12:45] 
[2025-12-13 20:12:45] Pin #98: out_23
[2025-12-13 20:12:45]     Box 1: Layer=met2, Size=1150x1150 DBU
[2025-12-13 20:12:45]               Location: (335455,988050) to (336605,989200)
[2025-12-13 20:12:45] 
[2025-12-13 20:12:45] Pin #99: out_24
[2025-12-13 20:12:45]     Box 1: Layer=met2, Size=1150x1150 DBU
[2025-12-13 20:12:45]               Location: (445855,988050) to (447005,989200)
[2025-12-13 20:12:45] 
[2025-12-13 20:12:45] Pin #100: out_25
[2025-12-13 20:12:45]     Box 1: Layer=met2, Size=1150x1150 DBU
[2025-12-13 20:12:45]               Location: (556255,988050) to (557405,989200)
[2025-12-13 20:12:45] 
[2025-12-13 20:12:45] Pin #101: out_26
[2025-12-13 20:12:45]     Box 1: Layer=met2, Size=1150x1150 DBU
[2025-12-13 20:12:45]               Location: (666655,988050) to (667805,989200)
[2025-12-13 20:12:45] 
[2025-12-13 20:12:45] Pin #102: out_27
[2025-12-13 20:12:45]     Box 1: Layer=met2, Size=1150x1150 DBU
[2025-12-13 20:12:45]               Location: (777055,988050) to (778205,989200)
[2025-12-13 20:12:45] 
[2025-12-13 20:12:45] Pin #103: out_28
[2025-12-13 20:12:45]     Box 1: Layer=met2, Size=1150x1150 DBU
[2025-12-13 20:12:45]               Location: (887455,988050) to (888605,989200)
[2025-12-13 20:12:45] 
[2025-12-13 20:12:45] Pin #104: out_29
[2025-12-13 20:12:45]     Box 1: Layer=met2, Size=1150x1150 DBU
[2025-12-13 20:12:45]               Location: (997855,988050) to (999005,989200)
[2025-12-13 20:12:45] 
[2025-12-13 20:12:45] Pin #105: out_3
[2025-12-13 20:12:45]     Box 1: Layer=met2, Size=1150x1150 DBU
[2025-12-13 20:12:45]               Location: (335455,0) to (336605,1150)
[2025-12-13 20:12:45] 
[2025-12-13 20:12:45] Pin #106: out_30
[2025-12-13 20:12:45]     Box 1: Layer=met3, Size=1700x1700 DBU
[2025-12-13 20:12:45]               Location: (0,4250) to (1700,5950)
[2025-12-13 20:12:45] 
[2025-12-13 20:12:45] Pin #107: out_31
[2025-12-13 20:12:45]     Box 1: Layer=met3, Size=1700x1700 DBU
[2025-12-13 20:12:45]               Location: (0,113050) to (1700,114750)
[2025-12-13 20:12:45] 
[2025-12-13 20:12:45] Pin #108: out_32
[2025-12-13 20:12:45]     Box 1: Layer=met3, Size=1700x1700 DBU
[2025-12-13 20:12:45]               Location: (0,221850) to (1700,223550)
[2025-12-13 20:12:45] 
[2025-12-13 20:12:45] Pin #109: out_33
[2025-12-13 20:12:45]     Box 1: Layer=met3, Size=1700x1700 DBU
[2025-12-13 20:12:45]               Location: (0,330650) to (1700,332350)
[2025-12-13 20:12:45] 
[2025-12-13 20:12:45] Pin #110: out_34
[2025-12-13 20:12:45]     Box 1: Layer=met3, Size=1700x1700 DBU
[2025-12-13 20:12:45]               Location: (0,439450) to (1700,441150)
[2025-12-13 20:12:45] 
[2025-12-13 20:12:45] Pin #111: out_35
[2025-12-13 20:12:45]     Box 1: Layer=met3, Size=1700x1700 DBU
[2025-12-13 20:12:45]               Location: (0,548250) to (1700,549950)
[2025-12-13 20:12:45] 
[2025-12-13 20:12:45] Pin #112: out_36
[2025-12-13 20:12:45]     Box 1: Layer=met3, Size=1700x1700 DBU
[2025-12-13 20:12:45]               Location: (0,657050) to (1700,658750)
[2025-12-13 20:12:45] 
[2025-12-13 20:12:45] Pin #113: out_37
[2025-12-13 20:12:45]     Box 1: Layer=met3, Size=1700x1700 DBU
[2025-12-13 20:12:45]               Location: (0,765850) to (1700,767550)
[2025-12-13 20:12:45] 
[2025-12-13 20:12:45] Pin #114: out_38
[2025-12-13 20:12:45]     Box 1: Layer=met3, Size=1700x1700 DBU
[2025-12-13 20:12:45]               Location: (0,874650) to (1700,876350)
[2025-12-13 20:12:45] 
[2025-12-13 20:12:45] Pin #115: out_39
[2025-12-13 20:12:45]     Box 1: Layer=met3, Size=1700x1700 DBU
[2025-12-13 20:12:45]               Location: (0,982770) to (1700,984470)
[2025-12-13 20:12:45] 
[2025-12-13 20:12:45] Pin #116: out_4
[2025-12-13 20:12:45]     Box 1: Layer=met2, Size=1150x1150 DBU
[2025-12-13 20:12:45]               Location: (445855,0) to (447005,1150)
[2025-12-13 20:12:45] 
[2025-12-13 20:12:45] Pin #117: out_5
[2025-12-13 20:12:45]     Box 1: Layer=met2, Size=1150x1150 DBU
[2025-12-13 20:12:45]               Location: (556255,0) to (557405,1150)
[2025-12-13 20:12:45] 
[2025-12-13 20:12:45] Pin #118: out_6
[2025-12-13 20:12:45]     Box 1: Layer=met2, Size=1150x1150 DBU
[2025-12-13 20:12:45]               Location: (666655,0) to (667805,1150)
[2025-12-13 20:12:45] 
[2025-12-13 20:12:45] Pin #119: out_7
[2025-12-13 20:12:45]     Box 1: Layer=met2, Size=1150x1150 DBU
[2025-12-13 20:12:45]               Location: (777055,0) to (778205,1150)
[2025-12-13 20:12:45] 
[2025-12-13 20:12:45] Pin #120: out_8
[2025-12-13 20:12:45]     Box 1: Layer=met2, Size=1150x1150 DBU
[2025-12-13 20:12:45]               Location: (887455,0) to (888605,1150)
[2025-12-13 20:12:45] 
[2025-12-13 20:12:45] Pin #121: out_9
[2025-12-13 20:12:45]     Box 1: Layer=met2, Size=1150x1150 DBU
[2025-12-13 20:12:45]               Location: (997855,0) to (999005,1150)
[2025-12-13 20:12:45] 
[2025-12-13 20:12:45] Pin #122: rst_n
[2025-12-13 20:12:45]     Box 1: Layer=met2, Size=1150x1150 DBU
[2025-12-13 20:12:45]               Location: (501515,0) to (502665,1150)
[2025-12-13 20:12:45] 
[2025-12-13 20:12:45] Total I/O pins analyzed: 122
[2025-12-13 20:12:45] 
[2025-12-13 20:12:45] ==========================================
[2025-12-13 20:12:45] PHASE 8: Global Routing
[2025-12-13 20:12:45] ==========================================
[2025-12-13 20:12:45] 
[2025-12-13 20:12:45] Starting global routing at 20:12:45
[2025-12-13 20:12:45] 
[2025-12-13 20:12:46] SUCCESS: Global routing completed
[2025-12-13 20:12:46] 
[2025-12-13 20:12:46] Global routing took 1 seconds (0 minutes)
[2025-12-13 20:12:46] 
[2025-12-13 20:12:46] ==========================================
[2025-12-13 20:12:46] PHASE 9: Detailed Routing
[2025-12-13 20:12:46] ==========================================
[2025-12-13 20:12:46] 
[2025-12-13 20:12:46] Starting detailed routing at 20:12:46
[2025-12-13 20:12:46] This is the slowest phase and may take 30-60 minutes for this design size
[2025-12-13 20:12:46] 
[2025-12-13 20:12:46] DETAILED ROUTING PARAMETERS:
[2025-12-13 20:12:46]   Verbose level: 1
[2025-12-13 20:12:46]   Bottom layer: met1
[2025-12-13 20:12:46]   Top layer: met5
[2025-12-13 20:12:46]   OR seed: 1
[2025-12-13 20:12:46] 
[2025-12-13 20:12:46] If this hangs, check:
[2025-12-13 20:12:46]   1. CPU usage (should be 100%): ps aux | grep openroad
[2025-12-13 20:12:46]   2. Maze log growth: tail -f build/arith/arith_maze.log
[2025-12-13 20:12:46]   3. Memory usage: watch 'free -h'
[2025-12-13 20:12:46] 
[2025-12-13 20:12:46] Starting detailed_route command now...
[2025-12-13 20:12:46] ---------- DETAILED ROUTE OUTPUT BEGINS ----------
[2025-12-13 20:53:22] ---------- DETAILED ROUTE OUTPUT ENDS ----------
[2025-12-13 20:53:22] 
[2025-12-13 20:53:22] SUCCESS: Detailed routing completed!
[2025-12-13 20:53:22] Time completed: 20:53:22
[2025-12-13 20:53:22] Elapsed time: 2436 seconds (40 minutes)
[2025-12-13 20:53:22] 
[2025-12-13 20:53:22] ==========================================
[2025-12-13 20:53:22] PHASE 10: DRC Analysis
[2025-12-13 20:53:22] ==========================================
[2025-12-13 20:53:22] 
[2025-12-13 20:53:22] DRC report size: 4873 bytes
[2025-12-13 20:53:22] WARNING: DRC violations detected!
[2025-12-13 20:53:22] 
[2025-12-13 20:53:22] Total violations found: 43
[2025-12-13 20:53:22] 
[2025-12-13 20:53:22] First 20 violations:
[2025-12-13 20:53:22] -------------------
[2025-12-13 20:53:22]   violation type: Short
[2025-12-13 20:53:22]   violation type: Short
[2025-12-13 20:53:22]   violation type: Short
[2025-12-13 20:53:22]   violation type: Short
[2025-12-13 20:53:22]   violation type: Short
[2025-12-13 20:53:22]   violation type: Short
[2025-12-13 20:53:22]   violation type: Short
[2025-12-13 20:53:22]   violation type: Short
[2025-12-13 20:53:22]   violation type: Short
[2025-12-13 20:53:22]   violation type: Short
[2025-12-13 20:53:22]   violation type: Short
[2025-12-13 20:53:22]   violation type: Short
[2025-12-13 20:53:22]   violation type: Short
[2025-12-13 20:53:22]   violation type: Short
[2025-12-13 20:53:22]   violation type: Short
[2025-12-13 20:53:22]   violation type: Short
[2025-12-13 20:53:22]   violation type: Short
[2025-12-13 20:53:22]   violation type: Short
[2025-12-13 20:53:22]   violation type: Short
[2025-12-13 20:53:22]   violation type: Short
[2025-12-13 20:53:22]   ... and 23 more violations
[2025-12-13 20:53:22] 
[2025-12-13 20:53:22] ==========================================
[2025-12-13 20:53:22] PHASE 11: Routing Statistics
[2025-12-13 20:53:22] ==========================================
[2025-12-13 20:53:22] 
[2025-12-13 20:53:22] ROUTING STATISTICS:
[2025-12-13 20:53:22]   Total nets: 7001
[2025-12-13 20:53:22]   Routed nets: 6965
[2025-12-13 20:53:22]   Unrouted nets: 36
[2025-12-13 20:53:22]   Routing completion: 99.49%
[2025-12-13 20:53:22] 
[2025-12-13 20:53:22] Unrouted nets (first 20):
[2025-12-13 20:53:22]     in_19
[2025-12-13 20:53:22]     in_21
[2025-12-13 20:53:22]     in_22
[2025-12-13 20:53:22]     in_23
[2025-12-13 20:53:22]     in_24
[2025-12-13 20:53:22]     in_25
[2025-12-13 20:53:22]     in_26
[2025-12-13 20:53:22]     in_27
[2025-12-13 20:53:22]     in_28
[2025-12-13 20:53:22]     in_29
[2025-12-13 20:53:22]     in_30
[2025-12-13 20:53:22]     in_31
[2025-12-13 20:53:22]     in_32
[2025-12-13 20:53:22]     in_33
[2025-12-13 20:53:22]     in_34
[2025-12-13 20:53:22]     in_35
[2025-12-13 20:53:22]     in_36
[2025-12-13 20:53:22]     in_37
[2025-12-13 20:53:22]     in_38
[2025-12-13 20:53:22]     in_39
[2025-12-13 20:53:22]     ... and 16 more
[2025-12-13 20:53:22] 
[2025-12-13 20:53:22] ==========================================
[2025-12-13 20:53:22] PHASE 12: Writing Output Files
[2025-12-13 20:53:22] ==========================================
[2025-12-13 20:53:22] 
[2025-12-13 20:53:22] Writing final routed DEF to build/arith/arith_routed.def...
[2025-12-13 20:53:22] SUCCESS: DEF written (34859 KB)
[2025-12-13 20:53:22] 
[2025-12-13 20:53:22] Writing routing guides to build/arith/arith.guide...
[2025-12-13 20:53:22] SUCCESS: Routing guides written
[2025-12-13 20:53:22] 
[2025-12-13 20:53:22] ==========================================
[2025-12-13 20:53:22] ROUTING SCRIPT COMPLETED SUCCESSFULLY
[2025-12-13 20:53:22] ==========================================
[2025-12-13 20:53:22] 
[2025-12-13 20:53:22] SUMMARY:
[2025-12-13 20:53:22] --------
[2025-12-13 20:53:22] 
[2025-12-13 20:53:22] Output files:
[2025-12-13 20:53:22]   - build/arith/arith_routed.def (final routed design)
[2025-12-13 20:53:22]   - build/arith/arith_route_drc.rpt (DRC violations)
[2025-12-13 20:53:22]   - build/arith/arith_maze.log (detailed routing log)
[2025-12-13 20:53:22]   - build/arith/arith.guide (routing guides)
[2025-12-13 20:53:22]   - build/arith/routing_debug.log (this log file)
[2025-12-13 20:53:22] 
[2025-12-13 20:53:22] ==========================================
