[2025-12-18 12:29:15] ==========================================
[2025-12-18 12:29:15] OpenROAD Routing Script - GLOBAL ROUTE ONLY
[2025-12-18 12:29:15] ==========================================
[2025-12-18 12:29:15] Design: aes_128
[2025-12-18 12:29:15] Process ID: 455
[2025-12-18 12:29:15] Working directory: /mnt/c/Users/mazin/OneDrive/Desktop/Uni/AUC/DD2/Structured-Asic
[2025-12-18 12:29:15] 
[2025-12-18 12:29:15] Clearing any existing database...
[2025-12-18 12:29:15] Reading merged LEF: tech/sky130_merged.lef
[2025-12-18 12:29:17] SUCCESS: LEF loaded
[2025-12-18 12:29:17] Reading Liberty file: tech/sky130_fd_sc_hd__tt_025C_1v80.lib
[2025-12-18 12:29:20] SUCCESS: Liberty loaded
[2025-12-18 12:29:20] Reading Verilog netlist: build/aes_128/aes_128_final.v
[2025-12-18 12:29:23] SUCCESS: Verilog loaded
[2025-12-18 12:29:23] Reading DEF: build/aes_128/aes_128_fixed.def
[2025-12-18 12:29:38] SUCCESS: DEF loaded
[2025-12-18 12:29:38] DESIGN STATISTICS:
[2025-12-18 12:29:38]   Instances: 105140
[2025-12-18 12:29:38]   Nets: 100385
[2025-12-18 12:29:38]   I/O Pins: 122
[2025-12-18 12:29:38]   Die Area: (0,0) to (1003600,989200)
[2025-12-18 12:29:38] Creating clock constraints on port 'clk' with period 10.0ns...
[2025-12-18 12:29:38] SUCCESS: Clock created
[2025-12-18 12:29:38] Propagating clock to sequential cells...
[2025-12-18 12:29:38] SUCCESS: Clock propagated
[2025-12-18 12:29:38] Configuring routing tracks for each layer...
[2025-12-18 12:29:38] SUCCESS: All routing tracks configured
[2025-12-18 12:29:38] Running placement quality check...
[2025-12-18 12:29:39] SUCCESS: Placement check passed
[2025-12-18 12:29:39] 
[2025-12-18 12:29:39] ==========================================
[2025-12-18 12:29:39] PHASE 7: I/O Pin Analysis
[2025-12-18 12:29:39] ==========================================
[2025-12-18 12:29:39] 
[2025-12-18 12:29:39] Analyzing all I/O pins in detail...
[2025-12-18 12:29:39] 
[2025-12-18 12:29:39] Pin #1: clk
[2025-12-18 12:29:39]     Box 1: Layer=met2, Size=920x1840 DBU
[2025-12-18 12:29:39]               Location: (500250,0) to (501170,1840)
[2025-12-18 12:29:39] 
[2025-12-18 12:29:39] Pin #2: in_0
[2025-12-18 12:29:39]     Box 1: Layer=met2, Size=920x1840 DBU
[2025-12-18 12:29:39]               Location: (3450,0) to (4370,1840)
[2025-12-18 12:29:39] 
[2025-12-18 12:29:39] Pin #3: in_1
[2025-12-18 12:29:39]     Box 1: Layer=met2, Size=920x1840 DBU
[2025-12-18 12:29:39]               Location: (113390,0) to (114310,1840)
[2025-12-18 12:29:39] 
[2025-12-18 12:29:39] Pin #4: in_10
[2025-12-18 12:29:39]     Box 1: Layer=met3, Size=2720x1360 DBU
[2025-12-18 12:29:39]               Location: (1000880,2380) to (1003600,3740)
[2025-12-18 12:29:39] 
[2025-12-18 12:29:39] Pin #5: in_11
[2025-12-18 12:29:39]     Box 1: Layer=met3, Size=2720x1360 DBU
[2025-12-18 12:29:39]               Location: (1000880,111180) to (1003600,112540)
[2025-12-18 12:29:39] 
[2025-12-18 12:29:39] Pin #6: in_12
[2025-12-18 12:29:39]     Box 1: Layer=met3, Size=2720x1360 DBU
[2025-12-18 12:29:39]               Location: (1000880,219980) to (1003600,221340)
[2025-12-18 12:29:39] 
[2025-12-18 12:29:39] Pin #7: in_13
[2025-12-18 12:29:39]     Box 1: Layer=met3, Size=2720x1360 DBU
[2025-12-18 12:29:39]               Location: (1000880,328780) to (1003600,330140)
[2025-12-18 12:29:39] 
[2025-12-18 12:29:39] Pin #8: in_14
[2025-12-18 12:29:39]     Box 1: Layer=met3, Size=2720x1360 DBU
[2025-12-18 12:29:39]               Location: (1000880,437580) to (1003600,438940)
[2025-12-18 12:29:39] 
[2025-12-18 12:29:39] Pin #9: in_15
[2025-12-18 12:29:39]     Box 1: Layer=met3, Size=2720x1360 DBU
[2025-12-18 12:29:39]               Location: (1000880,546380) to (1003600,547740)
[2025-12-18 12:29:39] 
[2025-12-18 12:29:39] Pin #10: in_16
[2025-12-18 12:29:39]     Box 1: Layer=met3, Size=2720x1360 DBU
[2025-12-18 12:29:39]               Location: (1000880,655180) to (1003600,656540)
[2025-12-18 12:29:39] 
[2025-12-18 12:29:39] Pin #11: in_17
[2025-12-18 12:29:39]     Box 1: Layer=met3, Size=2720x1360 DBU
[2025-12-18 12:29:39]               Location: (1000880,763980) to (1003600,765340)
[2025-12-18 12:29:39] 
[2025-12-18 12:29:39] Pin #12: in_18
[2025-12-18 12:29:39]     Box 1: Layer=met3, Size=2720x1360 DBU
[2025-12-18 12:29:39]               Location: (1000880,872780) to (1003600,874140)
[2025-12-18 12:29:39] 
[2025-12-18 12:29:39] Pin #13: in_19
[2025-12-18 12:29:39]     Box 1: Layer=met3, Size=2720x1360 DBU
[2025-12-18 12:29:39]               Location: (1000880,980900) to (1003600,982260)
[2025-12-18 12:29:39] 
[2025-12-18 12:29:39] Pin #14: in_2
[2025-12-18 12:29:39]     Box 1: Layer=met2, Size=920x1840 DBU
[2025-12-18 12:29:39]               Location: (223790,0) to (224710,1840)
[2025-12-18 12:29:39] 
[2025-12-18 12:29:39] Pin #15: in_20
[2025-12-18 12:29:39]     Box 1: Layer=met2, Size=920x1840 DBU
[2025-12-18 12:29:39]               Location: (3450,987360) to (4370,989200)
[2025-12-18 12:29:39] 
[2025-12-18 12:29:39] Pin #16: in_21
[2025-12-18 12:29:39]     Box 1: Layer=met2, Size=920x1840 DBU
[2025-12-18 12:29:39]               Location: (113390,987360) to (114310,989200)
[2025-12-18 12:29:39] 
[2025-12-18 12:29:39] Pin #17: in_22
[2025-12-18 12:29:39]     Box 1: Layer=met2, Size=920x1840 DBU
[2025-12-18 12:29:39]               Location: (223790,987360) to (224710,989200)
[2025-12-18 12:29:39] 
[2025-12-18 12:29:39] Pin #18: in_23
[2025-12-18 12:29:39]     Box 1: Layer=met2, Size=920x1840 DBU
[2025-12-18 12:29:39]               Location: (334190,987360) to (335110,989200)
[2025-12-18 12:29:39] 
[2025-12-18 12:29:39] Pin #19: in_24
[2025-12-18 12:29:39]     Box 1: Layer=met2, Size=920x1840 DBU
[2025-12-18 12:29:39]               Location: (444590,987360) to (445510,989200)
[2025-12-18 12:29:39] 
[2025-12-18 12:29:39] Pin #20: in_25
[2025-12-18 12:29:39]     Box 1: Layer=met2, Size=920x1840 DBU
[2025-12-18 12:29:39]               Location: (554990,987360) to (555910,989200)
[2025-12-18 12:29:39] 
[2025-12-18 12:29:39] Pin #21: in_26
[2025-12-18 12:29:39]     Box 1: Layer=met2, Size=920x1840 DBU
[2025-12-18 12:29:39]               Location: (665390,987360) to (666310,989200)
[2025-12-18 12:29:39] 
[2025-12-18 12:29:39] Pin #22: in_27
[2025-12-18 12:29:39]     Box 1: Layer=met2, Size=920x1840 DBU
[2025-12-18 12:29:39]               Location: (775790,987360) to (776710,989200)
[2025-12-18 12:29:39] 
[2025-12-18 12:29:39] Pin #23: in_28
[2025-12-18 12:29:39]     Box 1: Layer=met2, Size=920x1840 DBU
[2025-12-18 12:29:39]               Location: (886190,987360) to (887110,989200)
[2025-12-18 12:29:39] 
[2025-12-18 12:29:39] Pin #24: in_29
[2025-12-18 12:29:39]     Box 1: Layer=met2, Size=920x1840 DBU
[2025-12-18 12:29:39]               Location: (996590,987360) to (997510,989200)
[2025-12-18 12:29:39] 
[2025-12-18 12:29:39] Pin #25: in_3
[2025-12-18 12:29:39]     Box 1: Layer=met2, Size=920x1840 DBU
[2025-12-18 12:29:39]               Location: (334190,0) to (335110,1840)
[2025-12-18 12:29:39] 
[2025-12-18 12:29:39] Pin #26: in_30
[2025-12-18 12:29:39]     Box 1: Layer=met3, Size=2720x1360 DBU
[2025-12-18 12:29:39]               Location: (0,2380) to (2720,3740)
[2025-12-18 12:29:39] 
[2025-12-18 12:29:39] Pin #27: in_31
[2025-12-18 12:29:39]     Box 1: Layer=met3, Size=2720x1360 DBU
[2025-12-18 12:29:39]               Location: (0,111180) to (2720,112540)
[2025-12-18 12:29:39] 
[2025-12-18 12:29:39] Pin #28: in_32
[2025-12-18 12:29:39]     Box 1: Layer=met3, Size=2720x1360 DBU
[2025-12-18 12:29:39]               Location: (0,219980) to (2720,221340)
[2025-12-18 12:29:39] 
[2025-12-18 12:29:39] Pin #29: in_33
[2025-12-18 12:29:39]     Box 1: Layer=met3, Size=2720x1360 DBU
[2025-12-18 12:29:39]               Location: (0,328780) to (2720,330140)
[2025-12-18 12:29:39] 
[2025-12-18 12:29:39] Pin #30: in_34
[2025-12-18 12:29:39]     Box 1: Layer=met3, Size=2720x1360 DBU
[2025-12-18 12:29:39]               Location: (0,437580) to (2720,438940)
[2025-12-18 12:29:39] 
[2025-12-18 12:29:39] Pin #31: in_35
[2025-12-18 12:29:39]     Box 1: Layer=met3, Size=2720x1360 DBU
[2025-12-18 12:29:39]               Location: (0,546380) to (2720,547740)
[2025-12-18 12:29:39] 
[2025-12-18 12:29:39] Pin #32: in_36
[2025-12-18 12:29:39]     Box 1: Layer=met3, Size=2720x1360 DBU
[2025-12-18 12:29:39]               Location: (0,655180) to (2720,656540)
[2025-12-18 12:29:39] 
[2025-12-18 12:29:39] Pin #33: in_37
[2025-12-18 12:29:39]     Box 1: Layer=met3, Size=2720x1360 DBU
[2025-12-18 12:29:39]               Location: (0,763980) to (2720,765340)
[2025-12-18 12:29:39] 
[2025-12-18 12:29:39] Pin #34: in_38
[2025-12-18 12:29:39]     Box 1: Layer=met3, Size=2720x1360 DBU
[2025-12-18 12:29:39]               Location: (0,872780) to (2720,874140)
[2025-12-18 12:29:39] 
[2025-12-18 12:29:39] Pin #35: in_39
[2025-12-18 12:29:39]     Box 1: Layer=met3, Size=2720x1360 DBU
[2025-12-18 12:29:39]               Location: (0,980900) to (2720,982260)
[2025-12-18 12:29:39] 
[2025-12-18 12:29:39] Pin #36: in_4
[2025-12-18 12:29:39]     Box 1: Layer=met2, Size=920x1840 DBU
[2025-12-18 12:29:39]               Location: (444590,0) to (445510,1840)
[2025-12-18 12:29:39] 
[2025-12-18 12:29:39] Pin #37: in_5
[2025-12-18 12:29:39]     Box 1: Layer=met2, Size=920x1840 DBU
[2025-12-18 12:29:39]               Location: (554990,0) to (555910,1840)
[2025-12-18 12:29:39] 
[2025-12-18 12:29:39] Pin #38: in_6
[2025-12-18 12:29:39]     Box 1: Layer=met2, Size=920x1840 DBU
[2025-12-18 12:29:39]               Location: (665390,0) to (666310,1840)
[2025-12-18 12:29:39] 
[2025-12-18 12:29:39] Pin #39: in_7
[2025-12-18 12:29:39]     Box 1: Layer=met2, Size=920x1840 DBU
[2025-12-18 12:29:39]               Location: (775790,0) to (776710,1840)
[2025-12-18 12:29:39] 
[2025-12-18 12:29:39] Pin #40: in_8
[2025-12-18 12:29:39]     Box 1: Layer=met2, Size=920x1840 DBU
[2025-12-18 12:29:39]               Location: (886190,0) to (887110,1840)
[2025-12-18 12:29:39] 
[2025-12-18 12:29:39] Pin #41: in_9
[2025-12-18 12:29:39]     Box 1: Layer=met2, Size=920x1840 DBU
[2025-12-18 12:29:39]               Location: (996590,0) to (997510,1840)
[2025-12-18 12:29:39] 
[2025-12-18 12:29:39] Pin #42: oeb_0
[2025-12-18 12:29:39]     Box 1: Layer=met2, Size=920x1840 DBU
[2025-12-18 12:29:39]               Location: (4370,0) to (5290,1840)
[2025-12-18 12:29:39] 
[2025-12-18 12:29:39] Pin #43: oeb_1
[2025-12-18 12:29:39]     Box 1: Layer=met2, Size=920x1840 DBU
[2025-12-18 12:29:39]               Location: (114310,0) to (115230,1840)
[2025-12-18 12:29:39] 
[2025-12-18 12:29:39] Pin #44: oeb_10
[2025-12-18 12:29:39]     Box 1: Layer=met3, Size=2720x1360 DBU
[2025-12-18 12:29:39]               Location: (1000880,3740) to (1003600,5100)
[2025-12-18 12:29:39] 
[2025-12-18 12:29:39] Pin #45: oeb_11
[2025-12-18 12:29:39]     Box 1: Layer=met3, Size=2720x1360 DBU
[2025-12-18 12:29:39]               Location: (1000880,112540) to (1003600,113900)
[2025-12-18 12:29:39] 
[2025-12-18 12:29:39] Pin #46: oeb_12
[2025-12-18 12:29:39]     Box 1: Layer=met3, Size=2720x1360 DBU
[2025-12-18 12:29:39]               Location: (1000880,221340) to (1003600,222700)
[2025-12-18 12:29:39] 
[2025-12-18 12:29:39] Pin #47: oeb_13
[2025-12-18 12:29:39]     Box 1: Layer=met3, Size=2720x1360 DBU
[2025-12-18 12:29:39]               Location: (1000880,330140) to (1003600,331500)
[2025-12-18 12:29:39] 
[2025-12-18 12:29:39] Pin #48: oeb_14
[2025-12-18 12:29:39]     Box 1: Layer=met3, Size=2720x1360 DBU
[2025-12-18 12:29:39]               Location: (1000880,438940) to (1003600,440300)
[2025-12-18 12:29:39] 
[2025-12-18 12:29:39] Pin #49: oeb_15
[2025-12-18 12:29:39]     Box 1: Layer=met3, Size=2720x1360 DBU
[2025-12-18 12:29:39]               Location: (1000880,547740) to (1003600,549100)
[2025-12-18 12:29:39] 
[2025-12-18 12:29:39] Pin #50: oeb_16
[2025-12-18 12:29:39]     Box 1: Layer=met3, Size=2720x1360 DBU
[2025-12-18 12:29:39]               Location: (1000880,656540) to (1003600,657900)
[2025-12-18 12:29:39] 
[2025-12-18 12:29:39] Pin #51: oeb_17
[2025-12-18 12:29:39]     Box 1: Layer=met3, Size=2720x1360 DBU
[2025-12-18 12:29:39]               Location: (1000880,765340) to (1003600,766700)
[2025-12-18 12:29:39] 
[2025-12-18 12:29:39] Pin #52: oeb_18
[2025-12-18 12:29:39]     Box 1: Layer=met3, Size=2720x1360 DBU
[2025-12-18 12:29:39]               Location: (1000880,874140) to (1003600,875500)
[2025-12-18 12:29:39] 
[2025-12-18 12:29:39] Pin #53: oeb_19
[2025-12-18 12:29:39]     Box 1: Layer=met3, Size=2720x1360 DBU
[2025-12-18 12:29:39]               Location: (1000880,982260) to (1003600,983620)
[2025-12-18 12:29:39] 
[2025-12-18 12:29:39] Pin #54: oeb_2
[2025-12-18 12:29:39]     Box 1: Layer=met2, Size=920x1840 DBU
[2025-12-18 12:29:39]               Location: (224710,0) to (225630,1840)
[2025-12-18 12:29:39] 
[2025-12-18 12:29:39] Pin #55: oeb_20
[2025-12-18 12:29:39]     Box 1: Layer=met2, Size=920x1840 DBU
[2025-12-18 12:29:39]               Location: (4370,987360) to (5290,989200)
[2025-12-18 12:29:39] 
[2025-12-18 12:29:39] Pin #56: oeb_21
[2025-12-18 12:29:39]     Box 1: Layer=met2, Size=920x1840 DBU
[2025-12-18 12:29:39]               Location: (114310,987360) to (115230,989200)
[2025-12-18 12:29:39] 
[2025-12-18 12:29:39] Pin #57: oeb_22
[2025-12-18 12:29:39]     Box 1: Layer=met2, Size=920x1840 DBU
[2025-12-18 12:29:39]               Location: (224710,987360) to (225630,989200)
[2025-12-18 12:29:39] 
[2025-12-18 12:29:39] Pin #58: oeb_23
[2025-12-18 12:29:39]     Box 1: Layer=met2, Size=920x1840 DBU
[2025-12-18 12:29:39]               Location: (335110,987360) to (336030,989200)
[2025-12-18 12:29:39] 
[2025-12-18 12:29:39] Pin #59: oeb_24
[2025-12-18 12:29:39]     Box 1: Layer=met2, Size=920x1840 DBU
[2025-12-18 12:29:39]               Location: (445510,987360) to (446430,989200)
[2025-12-18 12:29:39] 
[2025-12-18 12:29:39] Pin #60: oeb_25
[2025-12-18 12:29:39]     Box 1: Layer=met2, Size=920x1840 DBU
[2025-12-18 12:29:39]               Location: (555910,987360) to (556830,989200)
[2025-12-18 12:29:39] 
[2025-12-18 12:29:39] Pin #61: oeb_26
[2025-12-18 12:29:39]     Box 1: Layer=met2, Size=920x1840 DBU
[2025-12-18 12:29:39]               Location: (666310,987360) to (667230,989200)
[2025-12-18 12:29:39] 
[2025-12-18 12:29:39] Pin #62: oeb_27
[2025-12-18 12:29:39]     Box 1: Layer=met2, Size=920x1840 DBU
[2025-12-18 12:29:39]               Location: (776710,987360) to (777630,989200)
[2025-12-18 12:29:39] 
[2025-12-18 12:29:39] Pin #63: oeb_28
[2025-12-18 12:29:39]     Box 1: Layer=met2, Size=920x1840 DBU
[2025-12-18 12:29:39]               Location: (887110,987360) to (888030,989200)
[2025-12-18 12:29:39] 
[2025-12-18 12:29:39] Pin #64: oeb_29
[2025-12-18 12:29:39]     Box 1: Layer=met2, Size=920x1840 DBU
[2025-12-18 12:29:39]               Location: (997510,987360) to (998430,989200)
[2025-12-18 12:29:39] 
[2025-12-18 12:29:39] Pin #65: oeb_3
[2025-12-18 12:29:39]     Box 1: Layer=met2, Size=920x1840 DBU
[2025-12-18 12:29:39]               Location: (335110,0) to (336030,1840)
[2025-12-18 12:29:39] 
[2025-12-18 12:29:39] Pin #66: oeb_30
[2025-12-18 12:29:39]     Box 1: Layer=met3, Size=2720x1360 DBU
[2025-12-18 12:29:39]               Location: (0,3740) to (2720,5100)
[2025-12-18 12:29:39] 
[2025-12-18 12:29:39] Pin #67: oeb_31
[2025-12-18 12:29:39]     Box 1: Layer=met3, Size=2720x1360 DBU
[2025-12-18 12:29:39]               Location: (0,112540) to (2720,113900)
[2025-12-18 12:29:39] 
[2025-12-18 12:29:39] Pin #68: oeb_32
[2025-12-18 12:29:39]     Box 1: Layer=met3, Size=2720x1360 DBU
[2025-12-18 12:29:39]               Location: (0,221340) to (2720,222700)
[2025-12-18 12:29:39] 
[2025-12-18 12:29:39] Pin #69: oeb_33
[2025-12-18 12:29:39]     Box 1: Layer=met3, Size=2720x1360 DBU
[2025-12-18 12:29:39]               Location: (0,330140) to (2720,331500)
[2025-12-18 12:29:39] 
[2025-12-18 12:29:39] Pin #70: oeb_34
[2025-12-18 12:29:39]     Box 1: Layer=met3, Size=2720x1360 DBU
[2025-12-18 12:29:39]               Location: (0,438940) to (2720,440300)
[2025-12-18 12:29:39] 
[2025-12-18 12:29:39] Pin #71: oeb_35
[2025-12-18 12:29:39]     Box 1: Layer=met3, Size=2720x1360 DBU
[2025-12-18 12:29:39]               Location: (0,547740) to (2720,549100)
[2025-12-18 12:29:39] 
[2025-12-18 12:29:39] Pin #72: oeb_36
[2025-12-18 12:29:39]     Box 1: Layer=met3, Size=2720x1360 DBU
[2025-12-18 12:29:39]               Location: (0,656540) to (2720,657900)
[2025-12-18 12:29:39] 
[2025-12-18 12:29:39] Pin #73: oeb_37
[2025-12-18 12:29:39]     Box 1: Layer=met3, Size=2720x1360 DBU
[2025-12-18 12:29:39]               Location: (0,765340) to (2720,766700)
[2025-12-18 12:29:39] 
[2025-12-18 12:29:39] Pin #74: oeb_38
[2025-12-18 12:29:39]     Box 1: Layer=met3, Size=2720x1360 DBU
[2025-12-18 12:29:39]               Location: (0,874140) to (2720,875500)
[2025-12-18 12:29:39] 
[2025-12-18 12:29:39] Pin #75: oeb_39
[2025-12-18 12:29:39]     Box 1: Layer=met3, Size=2720x1360 DBU
[2025-12-18 12:29:39]               Location: (0,982260) to (2720,983620)
[2025-12-18 12:29:39] 
[2025-12-18 12:29:39] Pin #76: oeb_4
[2025-12-18 12:29:39]     Box 1: Layer=met2, Size=920x1840 DBU
[2025-12-18 12:29:39]               Location: (445510,0) to (446430,1840)
[2025-12-18 12:29:39] 
[2025-12-18 12:29:39] Pin #77: oeb_5
[2025-12-18 12:29:39]     Box 1: Layer=met2, Size=920x1840 DBU
[2025-12-18 12:29:39]               Location: (555910,0) to (556830,1840)
[2025-12-18 12:29:39] 
[2025-12-18 12:29:39] Pin #78: oeb_6
[2025-12-18 12:29:39]     Box 1: Layer=met2, Size=920x1840 DBU
[2025-12-18 12:29:39]               Location: (666310,0) to (667230,1840)
[2025-12-18 12:29:39] 
[2025-12-18 12:29:39] Pin #79: oeb_7
[2025-12-18 12:29:39]     Box 1: Layer=met2, Size=920x1840 DBU
[2025-12-18 12:29:39]               Location: (776710,0) to (777630,1840)
[2025-12-18 12:29:39] 
[2025-12-18 12:29:39] Pin #80: oeb_8
[2025-12-18 12:29:39]     Box 1: Layer=met2, Size=920x1840 DBU
[2025-12-18 12:29:39]               Location: (887110,0) to (888030,1840)
[2025-12-18 12:29:39] 
[2025-12-18 12:29:39] Pin #81: oeb_9
[2025-12-18 12:29:39]     Box 1: Layer=met2, Size=920x1840 DBU
[2025-12-18 12:29:39]               Location: (997510,0) to (998430,1840)
[2025-12-18 12:29:39] 
[2025-12-18 12:29:39] Pin #82: out_0
[2025-12-18 12:29:39]     Box 1: Layer=met2, Size=920x1840 DBU
[2025-12-18 12:29:39]               Location: (5750,0) to (6670,1840)
[2025-12-18 12:29:39] 
[2025-12-18 12:29:39] Pin #83: out_1
[2025-12-18 12:29:39]     Box 1: Layer=met2, Size=920x1840 DBU
[2025-12-18 12:29:39]               Location: (115690,0) to (116610,1840)
[2025-12-18 12:29:39] 
[2025-12-18 12:29:39] Pin #84: out_10
[2025-12-18 12:29:39]     Box 1: Layer=met3, Size=2720x1360 DBU
[2025-12-18 12:29:39]               Location: (1000880,5780) to (1003600,7140)
[2025-12-18 12:29:39] 
[2025-12-18 12:29:39] Pin #85: out_11
[2025-12-18 12:29:39]     Box 1: Layer=met3, Size=2720x1360 DBU
[2025-12-18 12:29:39]               Location: (1000880,114580) to (1003600,115940)
[2025-12-18 12:29:39] 
[2025-12-18 12:29:39] Pin #86: out_12
[2025-12-18 12:29:39]     Box 1: Layer=met3, Size=2720x1360 DBU
[2025-12-18 12:29:39]               Location: (1000880,223380) to (1003600,224740)
[2025-12-18 12:29:39] 
[2025-12-18 12:29:39] Pin #87: out_13
[2025-12-18 12:29:39]     Box 1: Layer=met3, Size=2720x1360 DBU
[2025-12-18 12:29:39]               Location: (1000880,332180) to (1003600,333540)
[2025-12-18 12:29:39] 
[2025-12-18 12:29:39] Pin #88: out_14
[2025-12-18 12:29:39]     Box 1: Layer=met3, Size=2720x1360 DBU
[2025-12-18 12:29:39]               Location: (1000880,440980) to (1003600,442340)
[2025-12-18 12:29:39] 
[2025-12-18 12:29:39] Pin #89: out_15
[2025-12-18 12:29:39]     Box 1: Layer=met3, Size=2720x1360 DBU
[2025-12-18 12:29:39]               Location: (1000880,549780) to (1003600,551140)
[2025-12-18 12:29:39] 
[2025-12-18 12:29:39] Pin #90: out_16
[2025-12-18 12:29:39]     Box 1: Layer=met3, Size=2720x1360 DBU
[2025-12-18 12:29:39]               Location: (1000880,658580) to (1003600,659940)
[2025-12-18 12:29:39] 
[2025-12-18 12:29:39] Pin #91: out_17
[2025-12-18 12:29:39]     Box 1: Layer=met3, Size=2720x1360 DBU
[2025-12-18 12:29:39]               Location: (1000880,767380) to (1003600,768740)
[2025-12-18 12:29:39] 
[2025-12-18 12:29:39] Pin #92: out_18
[2025-12-18 12:29:39]     Box 1: Layer=met3, Size=2720x1360 DBU
[2025-12-18 12:29:39]               Location: (1000880,876180) to (1003600,877540)
[2025-12-18 12:29:39] 
[2025-12-18 12:29:39] Pin #93: out_19
[2025-12-18 12:29:39]     Box 1: Layer=met3, Size=2720x1360 DBU
[2025-12-18 12:29:39]               Location: (1000880,984300) to (1003600,985660)
[2025-12-18 12:29:39] 
[2025-12-18 12:29:39] Pin #94: out_2
[2025-12-18 12:29:39]     Box 1: Layer=met2, Size=920x1840 DBU
[2025-12-18 12:29:39]               Location: (226090,0) to (227010,1840)
[2025-12-18 12:29:39] 
[2025-12-18 12:29:39] Pin #95: out_20
[2025-12-18 12:29:39]     Box 1: Layer=met2, Size=920x1840 DBU
[2025-12-18 12:29:39]               Location: (5750,987360) to (6670,989200)
[2025-12-18 12:29:39] 
[2025-12-18 12:29:39] Pin #96: out_21
[2025-12-18 12:29:39]     Box 1: Layer=met2, Size=920x1840 DBU
[2025-12-18 12:29:39]               Location: (115690,987360) to (116610,989200)
[2025-12-18 12:29:39] 
[2025-12-18 12:29:39] Pin #97: out_22
[2025-12-18 12:29:39]     Box 1: Layer=met2, Size=920x1840 DBU
[2025-12-18 12:29:39]               Location: (226090,987360) to (227010,989200)
[2025-12-18 12:29:39] 
[2025-12-18 12:29:39] Pin #98: out_23
[2025-12-18 12:29:39]     Box 1: Layer=met2, Size=920x1840 DBU
[2025-12-18 12:29:39]               Location: (336490,987360) to (337410,989200)
[2025-12-18 12:29:39] 
[2025-12-18 12:29:39] Pin #99: out_24
[2025-12-18 12:29:39]     Box 1: Layer=met2, Size=920x1840 DBU
[2025-12-18 12:29:39]               Location: (446890,987360) to (447810,989200)
[2025-12-18 12:29:39] 
[2025-12-18 12:29:39] Pin #100: out_25
[2025-12-18 12:29:39]     Box 1: Layer=met2, Size=920x1840 DBU
[2025-12-18 12:29:39]               Location: (557290,987360) to (558210,989200)
[2025-12-18 12:29:39] 
[2025-12-18 12:29:39] Pin #101: out_26
[2025-12-18 12:29:39]     Box 1: Layer=met2, Size=920x1840 DBU
[2025-12-18 12:29:39]               Location: (667690,987360) to (668610,989200)
[2025-12-18 12:29:39] 
[2025-12-18 12:29:39] Pin #102: out_27
[2025-12-18 12:29:39]     Box 1: Layer=met2, Size=920x1840 DBU
[2025-12-18 12:29:39]               Location: (778090,987360) to (779010,989200)
[2025-12-18 12:29:39] 
[2025-12-18 12:29:39] Pin #103: out_28
[2025-12-18 12:29:39]     Box 1: Layer=met2, Size=920x1840 DBU
[2025-12-18 12:29:39]               Location: (888490,987360) to (889410,989200)
[2025-12-18 12:29:39] 
[2025-12-18 12:29:39] Pin #104: out_29
[2025-12-18 12:29:39]     Box 1: Layer=met2, Size=920x1840 DBU
[2025-12-18 12:29:39]               Location: (998890,987360) to (999810,989200)
[2025-12-18 12:29:39] 
[2025-12-18 12:29:39] Pin #105: out_3
[2025-12-18 12:29:39]     Box 1: Layer=met2, Size=920x1840 DBU
[2025-12-18 12:29:39]               Location: (336490,0) to (337410,1840)
[2025-12-18 12:29:39] 
[2025-12-18 12:29:39] Pin #106: out_30
[2025-12-18 12:29:39]     Box 1: Layer=met3, Size=2720x1360 DBU
[2025-12-18 12:29:39]               Location: (0,5780) to (2720,7140)
[2025-12-18 12:29:39] 
[2025-12-18 12:29:39] Pin #107: out_31
[2025-12-18 12:29:39]     Box 1: Layer=met3, Size=2720x1360 DBU
[2025-12-18 12:29:39]               Location: (0,114580) to (2720,115940)
[2025-12-18 12:29:39] 
[2025-12-18 12:29:39] Pin #108: out_32
[2025-12-18 12:29:39]     Box 1: Layer=met3, Size=2720x1360 DBU
[2025-12-18 12:29:39]               Location: (0,223380) to (2720,224740)
[2025-12-18 12:29:39] 
[2025-12-18 12:29:39] Pin #109: out_33
[2025-12-18 12:29:39]     Box 1: Layer=met3, Size=2720x1360 DBU
[2025-12-18 12:29:39]               Location: (0,332180) to (2720,333540)
[2025-12-18 12:29:39] 
[2025-12-18 12:29:39] Pin #110: out_34
[2025-12-18 12:29:39]     Box 1: Layer=met3, Size=2720x1360 DBU
[2025-12-18 12:29:39]               Location: (0,440980) to (2720,442340)
[2025-12-18 12:29:39] 
[2025-12-18 12:29:39] Pin #111: out_35
[2025-12-18 12:29:39]     Box 1: Layer=met3, Size=2720x1360 DBU
[2025-12-18 12:29:39]               Location: (0,549780) to (2720,551140)
[2025-12-18 12:29:39] 
[2025-12-18 12:29:39] Pin #112: out_36
[2025-12-18 12:29:39]     Box 1: Layer=met3, Size=2720x1360 DBU
[2025-12-18 12:29:39]               Location: (0,658580) to (2720,659940)
[2025-12-18 12:29:39] 
[2025-12-18 12:29:39] Pin #113: out_37
[2025-12-18 12:29:39]     Box 1: Layer=met3, Size=2720x1360 DBU
[2025-12-18 12:29:39]               Location: (0,767380) to (2720,768740)
[2025-12-18 12:29:39] 
[2025-12-18 12:29:39] Pin #114: out_38
[2025-12-18 12:29:39]     Box 1: Layer=met3, Size=2720x1360 DBU
[2025-12-18 12:29:39]               Location: (0,876180) to (2720,877540)
[2025-12-18 12:29:39] 
[2025-12-18 12:29:39] Pin #115: out_39
[2025-12-18 12:29:39]     Box 1: Layer=met3, Size=2720x1360 DBU
[2025-12-18 12:29:39]               Location: (0,984300) to (2720,985660)
[2025-12-18 12:29:39] 
[2025-12-18 12:29:39] Pin #116: out_4
[2025-12-18 12:29:39]     Box 1: Layer=met2, Size=920x1840 DBU
[2025-12-18 12:29:39]               Location: (446890,0) to (447810,1840)
[2025-12-18 12:29:39] 
[2025-12-18 12:29:39] Pin #117: out_5
[2025-12-18 12:29:39]     Box 1: Layer=met2, Size=920x1840 DBU
[2025-12-18 12:29:39]               Location: (557290,0) to (558210,1840)
[2025-12-18 12:29:39] 
[2025-12-18 12:29:39] Pin #118: out_6
[2025-12-18 12:29:39]     Box 1: Layer=met2, Size=920x1840 DBU
[2025-12-18 12:29:39]               Location: (667690,0) to (668610,1840)
[2025-12-18 12:29:39] 
[2025-12-18 12:29:39] Pin #119: out_7
[2025-12-18 12:29:39]     Box 1: Layer=met2, Size=920x1840 DBU
[2025-12-18 12:29:39]               Location: (778090,0) to (779010,1840)
[2025-12-18 12:29:39] 
[2025-12-18 12:29:39] Pin #120: out_8
[2025-12-18 12:29:39]     Box 1: Layer=met2, Size=920x1840 DBU
[2025-12-18 12:29:39]               Location: (888490,0) to (889410,1840)
[2025-12-18 12:29:39] 
[2025-12-18 12:29:39] Pin #121: out_9
[2025-12-18 12:29:39]     Box 1: Layer=met2, Size=920x1840 DBU
[2025-12-18 12:29:39]               Location: (998890,0) to (999810,1840)
[2025-12-18 12:29:39] 
[2025-12-18 12:29:39] Pin #122: rst_n
[2025-12-18 12:29:39]     Box 1: Layer=met2, Size=920x1840 DBU
[2025-12-18 12:29:39]               Location: (500710,0) to (501630,1840)
[2025-12-18 12:29:39] 
[2025-12-18 12:29:39] Total I/O pins analyzed: 122
[2025-12-18 12:29:39] Starting global routing at 12:29:39
[2025-12-18 12:54:20] INFO: Global routing completed with congestion warnings (GRT-0116)
[2025-12-18 12:54:20] Global routing took 1481 seconds
[2025-12-18 12:54:20] PHASE 9: Detailed Routing skipped; using global routing results only.
[2025-12-18 12:54:20] No DRC report yet; skipping DRC analysis
[2025-12-18 12:54:20] 
[2025-12-18 12:54:20] ==========================================
[2025-12-18 12:54:20] PHASE 11: Routing Statistics
[2025-12-18 12:54:20] ==========================================
[2025-12-18 12:54:20] 
[2025-12-18 12:54:20] ROUTING STATISTICS:
[2025-12-18 12:54:20]   Total nets: 100385
[2025-12-18 12:54:20]   Routed nets: 0
[2025-12-18 12:54:20]   Unrouted nets: 100385
[2025-12-18 12:54:20]   Routing completion: 0.00%
[2025-12-18 12:54:20] 
[2025-12-18 12:54:20] Unrouted nets (first 20):
[2025-12-18 12:54:20]     clk
[2025-12-18 12:54:20]     in_0
[2025-12-18 12:54:20]     in_1
[2025-12-18 12:54:20]     in_10
[2025-12-18 12:54:20]     in_11
[2025-12-18 12:54:20]     in_12
[2025-12-18 12:54:20]     in_13
[2025-12-18 12:54:20]     in_14
[2025-12-18 12:54:20]     in_15
[2025-12-18 12:54:20]     in_16
[2025-12-18 12:54:20]     in_17
[2025-12-18 12:54:20]     in_18
[2025-12-18 12:54:20]     in_19
[2025-12-18 12:54:20]     in_2
[2025-12-18 12:54:20]     in_20
[2025-12-18 12:54:20]     in_21
[2025-12-18 12:54:20]     in_22
[2025-12-18 12:54:20]     in_23
[2025-12-18 12:54:20]     in_24
[2025-12-18 12:54:20]     in_25
[2025-12-18 12:54:20]     ... and 100365 more
[2025-12-18 12:54:20] Writing DEF and guides based on global routing...
[2025-12-18 12:54:27] 
[2025-12-18 12:54:27] ==========================================
[2025-12-18 12:54:27] ROUTING SCRIPT COMPLETED SUCCESSFULLY (GLOBAL ROUTE ONLY)
[2025-12-18 12:54:27] ==========================================
