[2025-12-17 15:08:24] ==========================================
[2025-12-17 15:08:24] OpenROAD Routing Script - FULL DEBUG MODE
[2025-12-17 15:08:24] ==========================================
[2025-12-17 15:08:24] Design: expanded_6502
[2025-12-17 15:08:24] Process ID: 884
[2025-12-17 15:08:24] Working directory: /mnt/c/Users/mazin/OneDrive/Desktop/Uni/AUC/DD2/Structured-Asic
[2025-12-17 15:08:24] 
[2025-12-17 15:08:24] Clearing any existing database...
[2025-12-17 15:08:24] 
[2025-12-17 15:08:24] ==========================================
[2025-12-17 15:08:24] PHASE 1: Reading Technology Files
[2025-12-17 15:08:24] ==========================================
[2025-12-17 15:08:24] 
[2025-12-17 15:08:24] Reading merged LEF: tech/sky130_merged.lef
[2025-12-17 15:08:24] SUCCESS: LEF loaded
[2025-12-17 15:08:24] 
[2025-12-17 15:08:24] Reading Liberty file: tech/sky130_fd_sc_hd__tt_025C_1v80.lib
[2025-12-17 15:08:25] SUCCESS: Liberty loaded
[2025-12-17 15:08:25] 
[2025-12-17 15:08:25] ==========================================
[2025-12-17 15:08:25] PHASE 2: Reading Design Files
[2025-12-17 15:08:25] ==========================================
[2025-12-17 15:08:25] 
[2025-12-17 15:08:25] Reading Verilog netlist: build/expanded_6502/expanded_6502_final.v
[2025-12-17 15:08:25] SUCCESS: Verilog loaded
[2025-12-17 15:08:25] 
[2025-12-17 15:08:25] Reading DEF: build/expanded_6502/expanded_6502_fixed.def
[2025-12-17 15:08:26] SUCCESS: DEF loaded
[2025-12-17 15:08:26] 
[2025-12-17 15:08:26] ==========================================
[2025-12-17 15:08:26] PHASE 3: Design Statistics
[2025-12-17 15:08:26] ==========================================
[2025-12-17 15:08:26] 
[2025-12-17 15:08:26] Counting instances...
[2025-12-17 15:08:26]   Counted 10000 instances so far...
[2025-12-17 15:08:26]   Counted 20000 instances so far...
[2025-12-17 15:08:26]   Counted 30000 instances so far...
[2025-12-17 15:08:26]   Counted 40000 instances so far...
[2025-12-17 15:08:26]   Counted 50000 instances so far...
[2025-12-17 15:08:26]   Counted 60000 instances so far...
[2025-12-17 15:08:26]   Counted 70000 instances so far...
[2025-12-17 15:08:26]   Counted 80000 instances so far...
[2025-12-17 15:08:26]   Counted 90000 instances so far...
[2025-12-17 15:08:26]   Counted 100000 instances so far...
[2025-12-17 15:08:26] Counting nets...
[2025-12-17 15:08:26]   Counted 1000 nets so far...
[2025-12-17 15:08:26]   Counted 2000 nets so far...
[2025-12-17 15:08:26]   Counted 3000 nets so far...
[2025-12-17 15:08:26]   Counted 4000 nets so far...
[2025-12-17 15:08:26]   Counted 5000 nets so far...
[2025-12-17 15:08:26]   Counted 6000 nets so far...
[2025-12-17 15:08:26]   Counted 7000 nets so far...
[2025-12-17 15:08:26]   Counted 8000 nets so far...
[2025-12-17 15:08:26]   Counted 9000 nets so far...
[2025-12-17 15:08:26]   Counted 10000 nets so far...
[2025-12-17 15:08:26]   Counted 11000 nets so far...
[2025-12-17 15:08:26]   Counted 12000 nets so far...
[2025-12-17 15:08:26]   Counted 13000 nets so far...
[2025-12-17 15:08:26] Counting I/O pins...
[2025-12-17 15:08:26] 
[2025-12-17 15:08:26] DESIGN STATISTICS:
[2025-12-17 15:08:26]   Instances: 100586
[2025-12-17 15:08:26]   Nets: 13235
[2025-12-17 15:08:26]   I/O Pins: 122
[2025-12-17 15:08:26]   Die Area: (0,0) to (1003600,989200)
[2025-12-17 15:08:26] 
[2025-12-17 15:08:26] ==========================================
[2025-12-17 15:08:26] PHASE 4: Clock Constraints
[2025-12-17 15:08:26] ==========================================
[2025-12-17 15:08:26] 
[2025-12-17 15:08:26] Creating clock constraints on port 'clk' with period 10.0ns...
[2025-12-17 15:08:26] SUCCESS: Clock created
[2025-12-17 15:08:26] Propagating clock to sequential cells...
[2025-12-17 15:08:26] SUCCESS: Clock propagated
[2025-12-17 15:08:26] 
[2025-12-17 15:08:26] ==========================================
[2025-12-17 15:08:26] PHASE 5: Routing Track Setup
[2025-12-17 15:08:26] ==========================================
[2025-12-17 15:08:26] 
[2025-12-17 15:08:26] Configuring routing tracks for each layer...
[2025-12-17 15:08:26]   Setting up li1 tracks...
[2025-12-17 15:08:26]   Setting up met1 tracks...
[2025-12-17 15:08:26]   Setting up met2 tracks...
[2025-12-17 15:08:26]   Setting up met3 tracks...
[2025-12-17 15:08:26]   Setting up met4 tracks...
[2025-12-17 15:08:26]   Setting up met5 tracks...
[2025-12-17 15:08:26] SUCCESS: All routing tracks configured
[2025-12-17 15:08:26] 
[2025-12-17 15:08:26] ==========================================
[2025-12-17 15:08:26] PHASE 6: Placement Check
[2025-12-17 15:08:26] ==========================================
[2025-12-17 15:08:26] 
[2025-12-17 15:08:26] Running placement quality check...
[2025-12-17 15:08:26] SUCCESS: Placement check passed
[2025-12-17 15:08:26] 
[2025-12-17 15:08:26] ==========================================
[2025-12-17 15:08:26] PHASE 7: I/O Pin Analysis
[2025-12-17 15:08:26] ==========================================
[2025-12-17 15:08:26] 
[2025-12-17 15:08:26] Analyzing all I/O pins in detail...
[2025-12-17 15:08:26] 
[2025-12-17 15:08:26] Pin #1: clk
[2025-12-17 15:08:26]     Box 1: Layer=met2, Size=920x1840 DBU
[2025-12-17 15:08:26]               Location: (500250,0) to (501170,1840)
[2025-12-17 15:08:26] 
[2025-12-17 15:08:26] Pin #2: in_0
[2025-12-17 15:08:26]     Box 1: Layer=met2, Size=920x1840 DBU
[2025-12-17 15:08:26]               Location: (3450,0) to (4370,1840)
[2025-12-17 15:08:26] 
[2025-12-17 15:08:26] Pin #3: in_1
[2025-12-17 15:08:26]     Box 1: Layer=met2, Size=920x1840 DBU
[2025-12-17 15:08:26]               Location: (113390,0) to (114310,1840)
[2025-12-17 15:08:26] 
[2025-12-17 15:08:26] Pin #4: in_10
[2025-12-17 15:08:26]     Box 1: Layer=met3, Size=2720x1360 DBU
[2025-12-17 15:08:26]               Location: (1000880,2380) to (1003600,3740)
[2025-12-17 15:08:26] 
[2025-12-17 15:08:26] Pin #5: in_11
[2025-12-17 15:08:26]     Box 1: Layer=met3, Size=2720x1360 DBU
[2025-12-17 15:08:26]               Location: (1000880,111180) to (1003600,112540)
[2025-12-17 15:08:26] 
[2025-12-17 15:08:26] Pin #6: in_12
[2025-12-17 15:08:26]     Box 1: Layer=met3, Size=2720x1360 DBU
[2025-12-17 15:08:26]               Location: (1000880,219980) to (1003600,221340)
[2025-12-17 15:08:26] 
[2025-12-17 15:08:26] Pin #7: in_13
[2025-12-17 15:08:26]     Box 1: Layer=met3, Size=2720x1360 DBU
[2025-12-17 15:08:26]               Location: (1000880,328780) to (1003600,330140)
[2025-12-17 15:08:26] 
[2025-12-17 15:08:26] Pin #8: in_14
[2025-12-17 15:08:26]     Box 1: Layer=met3, Size=2720x1360 DBU
[2025-12-17 15:08:26]               Location: (1000880,437580) to (1003600,438940)
[2025-12-17 15:08:26] 
[2025-12-17 15:08:26] Pin #9: in_15
[2025-12-17 15:08:26]     Box 1: Layer=met3, Size=2720x1360 DBU
[2025-12-17 15:08:26]               Location: (1000880,546380) to (1003600,547740)
[2025-12-17 15:08:26] 
[2025-12-17 15:08:26] Pin #10: in_16
[2025-12-17 15:08:26]     Box 1: Layer=met3, Size=2720x1360 DBU
[2025-12-17 15:08:26]               Location: (1000880,655180) to (1003600,656540)
[2025-12-17 15:08:26] 
[2025-12-17 15:08:26] Pin #11: in_17
[2025-12-17 15:08:26]     Box 1: Layer=met3, Size=2720x1360 DBU
[2025-12-17 15:08:26]               Location: (1000880,763980) to (1003600,765340)
[2025-12-17 15:08:26] 
[2025-12-17 15:08:26] Pin #12: in_18
[2025-12-17 15:08:26]     Box 1: Layer=met3, Size=2720x1360 DBU
[2025-12-17 15:08:26]               Location: (1000880,872780) to (1003600,874140)
[2025-12-17 15:08:26] 
[2025-12-17 15:08:26] Pin #13: in_19
[2025-12-17 15:08:26]     Box 1: Layer=met3, Size=2720x1360 DBU
[2025-12-17 15:08:26]               Location: (1000880,980900) to (1003600,982260)
[2025-12-17 15:08:26] 
[2025-12-17 15:08:26] Pin #14: in_2
[2025-12-17 15:08:26]     Box 1: Layer=met2, Size=920x1840 DBU
[2025-12-17 15:08:26]               Location: (223790,0) to (224710,1840)
[2025-12-17 15:08:26] 
[2025-12-17 15:08:26] Pin #15: in_20
[2025-12-17 15:08:26]     Box 1: Layer=met2, Size=920x1840 DBU
[2025-12-17 15:08:26]               Location: (3450,987360) to (4370,989200)
[2025-12-17 15:08:26] 
[2025-12-17 15:08:26] Pin #16: in_21
[2025-12-17 15:08:26]     Box 1: Layer=met2, Size=920x1840 DBU
[2025-12-17 15:08:26]               Location: (113390,987360) to (114310,989200)
[2025-12-17 15:08:26] 
[2025-12-17 15:08:26] Pin #17: in_22
[2025-12-17 15:08:26]     Box 1: Layer=met2, Size=920x1840 DBU
[2025-12-17 15:08:26]               Location: (223790,987360) to (224710,989200)
[2025-12-17 15:08:26] 
[2025-12-17 15:08:26] Pin #18: in_23
[2025-12-17 15:08:26]     Box 1: Layer=met2, Size=920x1840 DBU
[2025-12-17 15:08:26]               Location: (334190,987360) to (335110,989200)
[2025-12-17 15:08:26] 
[2025-12-17 15:08:26] Pin #19: in_24
[2025-12-17 15:08:26]     Box 1: Layer=met2, Size=920x1840 DBU
[2025-12-17 15:08:26]               Location: (444590,987360) to (445510,989200)
[2025-12-17 15:08:26] 
[2025-12-17 15:08:26] Pin #20: in_25
[2025-12-17 15:08:26]     Box 1: Layer=met2, Size=920x1840 DBU
[2025-12-17 15:08:26]               Location: (554990,987360) to (555910,989200)
[2025-12-17 15:08:26] 
[2025-12-17 15:08:26] Pin #21: in_26
[2025-12-17 15:08:26]     Box 1: Layer=met2, Size=920x1840 DBU
[2025-12-17 15:08:26]               Location: (665390,987360) to (666310,989200)
[2025-12-17 15:08:26] 
[2025-12-17 15:08:26] Pin #22: in_27
[2025-12-17 15:08:26]     Box 1: Layer=met2, Size=920x1840 DBU
[2025-12-17 15:08:26]               Location: (775790,987360) to (776710,989200)
[2025-12-17 15:08:26] 
[2025-12-17 15:08:26] Pin #23: in_28
[2025-12-17 15:08:26]     Box 1: Layer=met2, Size=920x1840 DBU
[2025-12-17 15:08:26]               Location: (886190,987360) to (887110,989200)
[2025-12-17 15:08:26] 
[2025-12-17 15:08:26] Pin #24: in_29
[2025-12-17 15:08:26]     Box 1: Layer=met2, Size=920x1840 DBU
[2025-12-17 15:08:26]               Location: (996590,987360) to (997510,989200)
[2025-12-17 15:08:26] 
[2025-12-17 15:08:26] Pin #25: in_3
[2025-12-17 15:08:26]     Box 1: Layer=met2, Size=920x1840 DBU
[2025-12-17 15:08:26]               Location: (334190,0) to (335110,1840)
[2025-12-17 15:08:26] 
[2025-12-17 15:08:26] Pin #26: in_30
[2025-12-17 15:08:26]     Box 1: Layer=met3, Size=2720x1360 DBU
[2025-12-17 15:08:26]               Location: (0,2380) to (2720,3740)
[2025-12-17 15:08:26] 
[2025-12-17 15:08:26] Pin #27: in_31
[2025-12-17 15:08:26]     Box 1: Layer=met3, Size=2720x1360 DBU
[2025-12-17 15:08:26]               Location: (0,111180) to (2720,112540)
[2025-12-17 15:08:26] 
[2025-12-17 15:08:26] Pin #28: in_32
[2025-12-17 15:08:26]     Box 1: Layer=met3, Size=2720x1360 DBU
[2025-12-17 15:08:26]               Location: (0,219980) to (2720,221340)
[2025-12-17 15:08:26] 
[2025-12-17 15:08:26] Pin #29: in_33
[2025-12-17 15:08:26]     Box 1: Layer=met3, Size=2720x1360 DBU
[2025-12-17 15:08:26]               Location: (0,328780) to (2720,330140)
[2025-12-17 15:08:26] 
[2025-12-17 15:08:26] Pin #30: in_34
[2025-12-17 15:08:26]     Box 1: Layer=met3, Size=2720x1360 DBU
[2025-12-17 15:08:26]               Location: (0,437580) to (2720,438940)
[2025-12-17 15:08:26] 
[2025-12-17 15:08:26] Pin #31: in_35
[2025-12-17 15:08:26]     Box 1: Layer=met3, Size=2720x1360 DBU
[2025-12-17 15:08:26]               Location: (0,546380) to (2720,547740)
[2025-12-17 15:08:26] 
[2025-12-17 15:08:26] Pin #32: in_36
[2025-12-17 15:08:26]     Box 1: Layer=met3, Size=2720x1360 DBU
[2025-12-17 15:08:26]               Location: (0,655180) to (2720,656540)
[2025-12-17 15:08:26] 
[2025-12-17 15:08:26] Pin #33: in_37
[2025-12-17 15:08:26]     Box 1: Layer=met3, Size=2720x1360 DBU
[2025-12-17 15:08:26]               Location: (0,763980) to (2720,765340)
[2025-12-17 15:08:26] 
[2025-12-17 15:08:26] Pin #34: in_38
[2025-12-17 15:08:26]     Box 1: Layer=met3, Size=2720x1360 DBU
[2025-12-17 15:08:26]               Location: (0,872780) to (2720,874140)
[2025-12-17 15:08:26] 
[2025-12-17 15:08:26] Pin #35: in_39
[2025-12-17 15:08:26]     Box 1: Layer=met3, Size=2720x1360 DBU
[2025-12-17 15:08:26]               Location: (0,980900) to (2720,982260)
[2025-12-17 15:08:26] 
[2025-12-17 15:08:26] Pin #36: in_4
[2025-12-17 15:08:26]     Box 1: Layer=met2, Size=920x1840 DBU
[2025-12-17 15:08:26]               Location: (444590,0) to (445510,1840)
[2025-12-17 15:08:26] 
[2025-12-17 15:08:26] Pin #37: in_5
[2025-12-17 15:08:26]     Box 1: Layer=met2, Size=920x1840 DBU
[2025-12-17 15:08:26]               Location: (554990,0) to (555910,1840)
[2025-12-17 15:08:26] 
[2025-12-17 15:08:26] Pin #38: in_6
[2025-12-17 15:08:26]     Box 1: Layer=met2, Size=920x1840 DBU
[2025-12-17 15:08:26]               Location: (665390,0) to (666310,1840)
[2025-12-17 15:08:26] 
[2025-12-17 15:08:26] Pin #39: in_7
[2025-12-17 15:08:26]     Box 1: Layer=met2, Size=920x1840 DBU
[2025-12-17 15:08:26]               Location: (775790,0) to (776710,1840)
[2025-12-17 15:08:26] 
[2025-12-17 15:08:26] Pin #40: in_8
[2025-12-17 15:08:26]     Box 1: Layer=met2, Size=920x1840 DBU
[2025-12-17 15:08:26]               Location: (886190,0) to (887110,1840)
[2025-12-17 15:08:26] 
[2025-12-17 15:08:26] Pin #41: in_9
[2025-12-17 15:08:26]     Box 1: Layer=met2, Size=920x1840 DBU
[2025-12-17 15:08:26]               Location: (996590,0) to (997510,1840)
[2025-12-17 15:08:26] 
[2025-12-17 15:08:26] Pin #42: oeb_0
[2025-12-17 15:08:26]     Box 1: Layer=met2, Size=920x1840 DBU
[2025-12-17 15:08:26]               Location: (4370,0) to (5290,1840)
[2025-12-17 15:08:26] 
[2025-12-17 15:08:26] Pin #43: oeb_1
[2025-12-17 15:08:26]     Box 1: Layer=met2, Size=920x1840 DBU
[2025-12-17 15:08:26]               Location: (114310,0) to (115230,1840)
[2025-12-17 15:08:26] 
[2025-12-17 15:08:26] Pin #44: oeb_10
[2025-12-17 15:08:26]     Box 1: Layer=met3, Size=2720x1360 DBU
[2025-12-17 15:08:26]               Location: (1000880,3740) to (1003600,5100)
[2025-12-17 15:08:26] 
[2025-12-17 15:08:26] Pin #45: oeb_11
[2025-12-17 15:08:26]     Box 1: Layer=met3, Size=2720x1360 DBU
[2025-12-17 15:08:26]               Location: (1000880,112540) to (1003600,113900)
[2025-12-17 15:08:26] 
[2025-12-17 15:08:26] Pin #46: oeb_12
[2025-12-17 15:08:26]     Box 1: Layer=met3, Size=2720x1360 DBU
[2025-12-17 15:08:26]               Location: (1000880,221340) to (1003600,222700)
[2025-12-17 15:08:26] 
[2025-12-17 15:08:26] Pin #47: oeb_13
[2025-12-17 15:08:26]     Box 1: Layer=met3, Size=2720x1360 DBU
[2025-12-17 15:08:26]               Location: (1000880,330140) to (1003600,331500)
[2025-12-17 15:08:26] 
[2025-12-17 15:08:26] Pin #48: oeb_14
[2025-12-17 15:08:26]     Box 1: Layer=met3, Size=2720x1360 DBU
[2025-12-17 15:08:26]               Location: (1000880,438940) to (1003600,440300)
[2025-12-17 15:08:26] 
[2025-12-17 15:08:26] Pin #49: oeb_15
[2025-12-17 15:08:26]     Box 1: Layer=met3, Size=2720x1360 DBU
[2025-12-17 15:08:26]               Location: (1000880,547740) to (1003600,549100)
[2025-12-17 15:08:26] 
[2025-12-17 15:08:26] Pin #50: oeb_16
[2025-12-17 15:08:26]     Box 1: Layer=met3, Size=2720x1360 DBU
[2025-12-17 15:08:26]               Location: (1000880,656540) to (1003600,657900)
[2025-12-17 15:08:26] 
[2025-12-17 15:08:26] Pin #51: oeb_17
[2025-12-17 15:08:26]     Box 1: Layer=met3, Size=2720x1360 DBU
[2025-12-17 15:08:26]               Location: (1000880,765340) to (1003600,766700)
[2025-12-17 15:08:26] 
[2025-12-17 15:08:26] Pin #52: oeb_18
[2025-12-17 15:08:26]     Box 1: Layer=met3, Size=2720x1360 DBU
[2025-12-17 15:08:26]               Location: (1000880,874140) to (1003600,875500)
[2025-12-17 15:08:26] 
[2025-12-17 15:08:26] Pin #53: oeb_19
[2025-12-17 15:08:26]     Box 1: Layer=met3, Size=2720x1360 DBU
[2025-12-17 15:08:26]               Location: (1000880,982260) to (1003600,983620)
[2025-12-17 15:08:26] 
[2025-12-17 15:08:26] Pin #54: oeb_2
[2025-12-17 15:08:26]     Box 1: Layer=met2, Size=920x1840 DBU
[2025-12-17 15:08:26]               Location: (224710,0) to (225630,1840)
[2025-12-17 15:08:26] 
[2025-12-17 15:08:26] Pin #55: oeb_20
[2025-12-17 15:08:26]     Box 1: Layer=met2, Size=920x1840 DBU
[2025-12-17 15:08:26]               Location: (4370,987360) to (5290,989200)
[2025-12-17 15:08:26] 
[2025-12-17 15:08:26] Pin #56: oeb_21
[2025-12-17 15:08:26]     Box 1: Layer=met2, Size=920x1840 DBU
[2025-12-17 15:08:26]               Location: (114310,987360) to (115230,989200)
[2025-12-17 15:08:26] 
[2025-12-17 15:08:26] Pin #57: oeb_22
[2025-12-17 15:08:26]     Box 1: Layer=met2, Size=920x1840 DBU
[2025-12-17 15:08:26]               Location: (224710,987360) to (225630,989200)
[2025-12-17 15:08:26] 
[2025-12-17 15:08:26] Pin #58: oeb_23
[2025-12-17 15:08:26]     Box 1: Layer=met2, Size=920x1840 DBU
[2025-12-17 15:08:26]               Location: (335110,987360) to (336030,989200)
[2025-12-17 15:08:26] 
[2025-12-17 15:08:26] Pin #59: oeb_24
[2025-12-17 15:08:26]     Box 1: Layer=met2, Size=920x1840 DBU
[2025-12-17 15:08:26]               Location: (445510,987360) to (446430,989200)
[2025-12-17 15:08:26] 
[2025-12-17 15:08:26] Pin #60: oeb_25
[2025-12-17 15:08:26]     Box 1: Layer=met2, Size=920x1840 DBU
[2025-12-17 15:08:26]               Location: (555910,987360) to (556830,989200)
[2025-12-17 15:08:26] 
[2025-12-17 15:08:26] Pin #61: oeb_26
[2025-12-17 15:08:26]     Box 1: Layer=met2, Size=920x1840 DBU
[2025-12-17 15:08:26]               Location: (666310,987360) to (667230,989200)
[2025-12-17 15:08:26] 
[2025-12-17 15:08:26] Pin #62: oeb_27
[2025-12-17 15:08:26]     Box 1: Layer=met2, Size=920x1840 DBU
[2025-12-17 15:08:26]               Location: (776710,987360) to (777630,989200)
[2025-12-17 15:08:26] 
[2025-12-17 15:08:26] Pin #63: oeb_28
[2025-12-17 15:08:26]     Box 1: Layer=met2, Size=920x1840 DBU
[2025-12-17 15:08:26]               Location: (887110,987360) to (888030,989200)
[2025-12-17 15:08:26] 
[2025-12-17 15:08:26] Pin #64: oeb_29
[2025-12-17 15:08:26]     Box 1: Layer=met2, Size=920x1840 DBU
[2025-12-17 15:08:26]               Location: (997510,987360) to (998430,989200)
[2025-12-17 15:08:26] 
[2025-12-17 15:08:26] Pin #65: oeb_3
[2025-12-17 15:08:26]     Box 1: Layer=met2, Size=920x1840 DBU
[2025-12-17 15:08:26]               Location: (335110,0) to (336030,1840)
[2025-12-17 15:08:26] 
[2025-12-17 15:08:26] Pin #66: oeb_30
[2025-12-17 15:08:26]     Box 1: Layer=met3, Size=2720x1360 DBU
[2025-12-17 15:08:26]               Location: (0,3740) to (2720,5100)
[2025-12-17 15:08:26] 
[2025-12-17 15:08:26] Pin #67: oeb_31
[2025-12-17 15:08:26]     Box 1: Layer=met3, Size=2720x1360 DBU
[2025-12-17 15:08:26]               Location: (0,112540) to (2720,113900)
[2025-12-17 15:08:26] 
[2025-12-17 15:08:26] Pin #68: oeb_32
[2025-12-17 15:08:26]     Box 1: Layer=met3, Size=2720x1360 DBU
[2025-12-17 15:08:26]               Location: (0,221340) to (2720,222700)
[2025-12-17 15:08:26] 
[2025-12-17 15:08:26] Pin #69: oeb_33
[2025-12-17 15:08:26]     Box 1: Layer=met3, Size=2720x1360 DBU
[2025-12-17 15:08:26]               Location: (0,330140) to (2720,331500)
[2025-12-17 15:08:26] 
[2025-12-17 15:08:26] Pin #70: oeb_34
[2025-12-17 15:08:26]     Box 1: Layer=met3, Size=2720x1360 DBU
[2025-12-17 15:08:26]               Location: (0,438940) to (2720,440300)
[2025-12-17 15:08:26] 
[2025-12-17 15:08:26] Pin #71: oeb_35
[2025-12-17 15:08:26]     Box 1: Layer=met3, Size=2720x1360 DBU
[2025-12-17 15:08:26]               Location: (0,547740) to (2720,549100)
[2025-12-17 15:08:26] 
[2025-12-17 15:08:26] Pin #72: oeb_36
[2025-12-17 15:08:26]     Box 1: Layer=met3, Size=2720x1360 DBU
[2025-12-17 15:08:26]               Location: (0,656540) to (2720,657900)
[2025-12-17 15:08:26] 
[2025-12-17 15:08:26] Pin #73: oeb_37
[2025-12-17 15:08:26]     Box 1: Layer=met3, Size=2720x1360 DBU
[2025-12-17 15:08:26]               Location: (0,765340) to (2720,766700)
[2025-12-17 15:08:26] 
[2025-12-17 15:08:26] Pin #74: oeb_38
[2025-12-17 15:08:26]     Box 1: Layer=met3, Size=2720x1360 DBU
[2025-12-17 15:08:26]               Location: (0,874140) to (2720,875500)
[2025-12-17 15:08:26] 
[2025-12-17 15:08:26] Pin #75: oeb_39
[2025-12-17 15:08:26]     Box 1: Layer=met3, Size=2720x1360 DBU
[2025-12-17 15:08:26]               Location: (0,982260) to (2720,983620)
[2025-12-17 15:08:26] 
[2025-12-17 15:08:26] Pin #76: oeb_4
[2025-12-17 15:08:26]     Box 1: Layer=met2, Size=920x1840 DBU
[2025-12-17 15:08:26]               Location: (445510,0) to (446430,1840)
[2025-12-17 15:08:26] 
[2025-12-17 15:08:26] Pin #77: oeb_5
[2025-12-17 15:08:26]     Box 1: Layer=met2, Size=920x1840 DBU
[2025-12-17 15:08:26]               Location: (555910,0) to (556830,1840)
[2025-12-17 15:08:26] 
[2025-12-17 15:08:26] Pin #78: oeb_6
[2025-12-17 15:08:26]     Box 1: Layer=met2, Size=920x1840 DBU
[2025-12-17 15:08:26]               Location: (666310,0) to (667230,1840)
[2025-12-17 15:08:26] 
[2025-12-17 15:08:26] Pin #79: oeb_7
[2025-12-17 15:08:26]     Box 1: Layer=met2, Size=920x1840 DBU
[2025-12-17 15:08:26]               Location: (776710,0) to (777630,1840)
[2025-12-17 15:08:26] 
[2025-12-17 15:08:26] Pin #80: oeb_8
[2025-12-17 15:08:26]     Box 1: Layer=met2, Size=920x1840 DBU
[2025-12-17 15:08:26]               Location: (887110,0) to (888030,1840)
[2025-12-17 15:08:26] 
[2025-12-17 15:08:26] Pin #81: oeb_9
[2025-12-17 15:08:26]     Box 1: Layer=met2, Size=920x1840 DBU
[2025-12-17 15:08:26]               Location: (997510,0) to (998430,1840)
[2025-12-17 15:08:26] 
[2025-12-17 15:08:26] Pin #82: out_0
[2025-12-17 15:08:26]     Box 1: Layer=met2, Size=920x1840 DBU
[2025-12-17 15:08:26]               Location: (5750,0) to (6670,1840)
[2025-12-17 15:08:26] 
[2025-12-17 15:08:26] Pin #83: out_1
[2025-12-17 15:08:26]     Box 1: Layer=met2, Size=920x1840 DBU
[2025-12-17 15:08:26]               Location: (115690,0) to (116610,1840)
[2025-12-17 15:08:26] 
[2025-12-17 15:08:26] Pin #84: out_10
[2025-12-17 15:08:26]     Box 1: Layer=met3, Size=2720x1360 DBU
[2025-12-17 15:08:26]               Location: (1000880,5780) to (1003600,7140)
[2025-12-17 15:08:26] 
[2025-12-17 15:08:26] Pin #85: out_11
[2025-12-17 15:08:26]     Box 1: Layer=met3, Size=2720x1360 DBU
[2025-12-17 15:08:26]               Location: (1000880,114580) to (1003600,115940)
[2025-12-17 15:08:26] 
[2025-12-17 15:08:26] Pin #86: out_12
[2025-12-17 15:08:26]     Box 1: Layer=met3, Size=2720x1360 DBU
[2025-12-17 15:08:26]               Location: (1000880,223380) to (1003600,224740)
[2025-12-17 15:08:26] 
[2025-12-17 15:08:26] Pin #87: out_13
[2025-12-17 15:08:26]     Box 1: Layer=met3, Size=2720x1360 DBU
[2025-12-17 15:08:26]               Location: (1000880,332180) to (1003600,333540)
[2025-12-17 15:08:26] 
[2025-12-17 15:08:26] Pin #88: out_14
[2025-12-17 15:08:26]     Box 1: Layer=met3, Size=2720x1360 DBU
[2025-12-17 15:08:26]               Location: (1000880,440980) to (1003600,442340)
[2025-12-17 15:08:26] 
[2025-12-17 15:08:26] Pin #89: out_15
[2025-12-17 15:08:26]     Box 1: Layer=met3, Size=2720x1360 DBU
[2025-12-17 15:08:26]               Location: (1000880,549780) to (1003600,551140)
[2025-12-17 15:08:26] 
[2025-12-17 15:08:26] Pin #90: out_16
[2025-12-17 15:08:26]     Box 1: Layer=met3, Size=2720x1360 DBU
[2025-12-17 15:08:26]               Location: (1000880,658580) to (1003600,659940)
[2025-12-17 15:08:26] 
[2025-12-17 15:08:26] Pin #91: out_17
[2025-12-17 15:08:26]     Box 1: Layer=met3, Size=2720x1360 DBU
[2025-12-17 15:08:26]               Location: (1000880,767380) to (1003600,768740)
[2025-12-17 15:08:26] 
[2025-12-17 15:08:26] Pin #92: out_18
[2025-12-17 15:08:26]     Box 1: Layer=met3, Size=2720x1360 DBU
[2025-12-17 15:08:26]               Location: (1000880,876180) to (1003600,877540)
[2025-12-17 15:08:26] 
[2025-12-17 15:08:26] Pin #93: out_19
[2025-12-17 15:08:26]     Box 1: Layer=met3, Size=2720x1360 DBU
[2025-12-17 15:08:26]               Location: (1000880,984300) to (1003600,985660)
[2025-12-17 15:08:26] 
[2025-12-17 15:08:26] Pin #94: out_2
[2025-12-17 15:08:26]     Box 1: Layer=met2, Size=920x1840 DBU
[2025-12-17 15:08:26]               Location: (226090,0) to (227010,1840)
[2025-12-17 15:08:26] 
[2025-12-17 15:08:26] Pin #95: out_20
[2025-12-17 15:08:26]     Box 1: Layer=met2, Size=920x1840 DBU
[2025-12-17 15:08:26]               Location: (5750,987360) to (6670,989200)
[2025-12-17 15:08:26] 
[2025-12-17 15:08:26] Pin #96: out_21
[2025-12-17 15:08:26]     Box 1: Layer=met2, Size=920x1840 DBU
[2025-12-17 15:08:26]               Location: (115690,987360) to (116610,989200)
[2025-12-17 15:08:26] 
[2025-12-17 15:08:26] Pin #97: out_22
[2025-12-17 15:08:26]     Box 1: Layer=met2, Size=920x1840 DBU
[2025-12-17 15:08:26]               Location: (226090,987360) to (227010,989200)
[2025-12-17 15:08:26] 
[2025-12-17 15:08:26] Pin #98: out_23
[2025-12-17 15:08:26]     Box 1: Layer=met2, Size=920x1840 DBU
[2025-12-17 15:08:26]               Location: (336490,987360) to (337410,989200)
[2025-12-17 15:08:26] 
[2025-12-17 15:08:26] Pin #99: out_24
[2025-12-17 15:08:26]     Box 1: Layer=met2, Size=920x1840 DBU
[2025-12-17 15:08:26]               Location: (446890,987360) to (447810,989200)
[2025-12-17 15:08:26] 
[2025-12-17 15:08:26] Pin #100: out_25
[2025-12-17 15:08:26]     Box 1: Layer=met2, Size=920x1840 DBU
[2025-12-17 15:08:26]               Location: (557290,987360) to (558210,989200)
[2025-12-17 15:08:26] 
[2025-12-17 15:08:26] Pin #101: out_26
[2025-12-17 15:08:26]     Box 1: Layer=met2, Size=920x1840 DBU
[2025-12-17 15:08:26]               Location: (667690,987360) to (668610,989200)
[2025-12-17 15:08:26] 
[2025-12-17 15:08:26] Pin #102: out_27
[2025-12-17 15:08:26]     Box 1: Layer=met2, Size=920x1840 DBU
[2025-12-17 15:08:26]               Location: (778090,987360) to (779010,989200)
[2025-12-17 15:08:26] 
[2025-12-17 15:08:26] Pin #103: out_28
[2025-12-17 15:08:26]     Box 1: Layer=met2, Size=920x1840 DBU
[2025-12-17 15:08:26]               Location: (888490,987360) to (889410,989200)
[2025-12-17 15:08:26] 
[2025-12-17 15:08:26] Pin #104: out_29
[2025-12-17 15:08:26]     Box 1: Layer=met2, Size=920x1840 DBU
[2025-12-17 15:08:26]               Location: (998890,987360) to (999810,989200)
[2025-12-17 15:08:26] 
[2025-12-17 15:08:26] Pin #105: out_3
[2025-12-17 15:08:26]     Box 1: Layer=met2, Size=920x1840 DBU
[2025-12-17 15:08:26]               Location: (336490,0) to (337410,1840)
[2025-12-17 15:08:26] 
[2025-12-17 15:08:26] Pin #106: out_30
[2025-12-17 15:08:26]     Box 1: Layer=met3, Size=2720x1360 DBU
[2025-12-17 15:08:26]               Location: (0,5780) to (2720,7140)
[2025-12-17 15:08:26] 
[2025-12-17 15:08:26] Pin #107: out_31
[2025-12-17 15:08:26]     Box 1: Layer=met3, Size=2720x1360 DBU
[2025-12-17 15:08:26]               Location: (0,114580) to (2720,115940)
[2025-12-17 15:08:26] 
[2025-12-17 15:08:26] Pin #108: out_32
[2025-12-17 15:08:26]     Box 1: Layer=met3, Size=2720x1360 DBU
[2025-12-17 15:08:26]               Location: (0,223380) to (2720,224740)
[2025-12-17 15:08:26] 
[2025-12-17 15:08:26] Pin #109: out_33
[2025-12-17 15:08:26]     Box 1: Layer=met3, Size=2720x1360 DBU
[2025-12-17 15:08:26]               Location: (0,332180) to (2720,333540)
[2025-12-17 15:08:26] 
[2025-12-17 15:08:26] Pin #110: out_34
[2025-12-17 15:08:26]     Box 1: Layer=met3, Size=2720x1360 DBU
[2025-12-17 15:08:26]               Location: (0,440980) to (2720,442340)
[2025-12-17 15:08:26] 
[2025-12-17 15:08:26] Pin #111: out_35
[2025-12-17 15:08:26]     Box 1: Layer=met3, Size=2720x1360 DBU
[2025-12-17 15:08:26]               Location: (0,549780) to (2720,551140)
[2025-12-17 15:08:26] 
[2025-12-17 15:08:26] Pin #112: out_36
[2025-12-17 15:08:26]     Box 1: Layer=met3, Size=2720x1360 DBU
[2025-12-17 15:08:26]               Location: (0,658580) to (2720,659940)
[2025-12-17 15:08:26] 
[2025-12-17 15:08:26] Pin #113: out_37
[2025-12-17 15:08:26]     Box 1: Layer=met3, Size=2720x1360 DBU
[2025-12-17 15:08:26]               Location: (0,767380) to (2720,768740)
[2025-12-17 15:08:26] 
[2025-12-17 15:08:26] Pin #114: out_38
[2025-12-17 15:08:26]     Box 1: Layer=met3, Size=2720x1360 DBU
[2025-12-17 15:08:26]               Location: (0,876180) to (2720,877540)
[2025-12-17 15:08:26] 
[2025-12-17 15:08:26] Pin #115: out_39
[2025-12-17 15:08:26]     Box 1: Layer=met3, Size=2720x1360 DBU
[2025-12-17 15:08:26]               Location: (0,984300) to (2720,985660)
[2025-12-17 15:08:26] 
[2025-12-17 15:08:26] Pin #116: out_4
[2025-12-17 15:08:26]     Box 1: Layer=met2, Size=920x1840 DBU
[2025-12-17 15:08:26]               Location: (446890,0) to (447810,1840)
[2025-12-17 15:08:26] 
[2025-12-17 15:08:26] Pin #117: out_5
[2025-12-17 15:08:26]     Box 1: Layer=met2, Size=920x1840 DBU
[2025-12-17 15:08:26]               Location: (557290,0) to (558210,1840)
[2025-12-17 15:08:26] 
[2025-12-17 15:08:26] Pin #118: out_6
[2025-12-17 15:08:26]     Box 1: Layer=met2, Size=920x1840 DBU
[2025-12-17 15:08:26]               Location: (667690,0) to (668610,1840)
[2025-12-17 15:08:26] 
[2025-12-17 15:08:26] Pin #119: out_7
[2025-12-17 15:08:26]     Box 1: Layer=met2, Size=920x1840 DBU
[2025-12-17 15:08:26]               Location: (778090,0) to (779010,1840)
[2025-12-17 15:08:26] 
[2025-12-17 15:08:26] Pin #120: out_8
[2025-12-17 15:08:26]     Box 1: Layer=met2, Size=920x1840 DBU
[2025-12-17 15:08:26]               Location: (888490,0) to (889410,1840)
[2025-12-17 15:08:26] 
[2025-12-17 15:08:26] Pin #121: out_9
[2025-12-17 15:08:26]     Box 1: Layer=met2, Size=920x1840 DBU
[2025-12-17 15:08:26]               Location: (998890,0) to (999810,1840)
[2025-12-17 15:08:26] 
[2025-12-17 15:08:26] Pin #122: rst_n
[2025-12-17 15:08:26]     Box 1: Layer=met2, Size=920x1840 DBU
[2025-12-17 15:08:26]               Location: (500710,0) to (501630,1840)
[2025-12-17 15:08:26] 
[2025-12-17 15:08:26] Total I/O pins analyzed: 122
[2025-12-17 15:08:26] 
[2025-12-17 15:08:26] ==========================================
[2025-12-17 15:08:26] PHASE 8: Global Routing
[2025-12-17 15:08:26] ==========================================
[2025-12-17 15:08:26] 
[2025-12-17 15:08:26] Starting global routing at 15:08:26
[2025-12-17 15:08:26] 
[2025-12-17 15:08:28] SUCCESS: Global routing completed
[2025-12-17 15:08:28] 
[2025-12-17 15:08:28] Global routing took 2 seconds (0 minutes)
[2025-12-17 15:08:28] 
[2025-12-17 15:08:28] ==========================================
[2025-12-17 15:08:28] PHASE 9: Detailed Routing
[2025-12-17 15:08:28] ==========================================
[2025-12-17 15:08:28] 
[2025-12-17 15:08:28] Starting detailed routing at 15:08:28
[2025-12-17 15:08:28] This is the slowest phase and may take 30-60 minutes for this design size
[2025-12-17 15:08:28] 
[2025-12-17 15:08:28] DETAILED ROUTING PARAMETERS:
[2025-12-17 15:08:28]   Verbose level: 1
[2025-12-17 15:08:28]   Bottom layer: met1
[2025-12-17 15:08:28]   Top layer: met5
[2025-12-17 15:08:28]   OR seed: 1
[2025-12-17 15:08:28] 
[2025-12-17 15:08:28] If this hangs, check:
[2025-12-17 15:08:28]   1. CPU usage (should be 100%): ps aux | grep openroad
[2025-12-17 15:08:28]   2. Maze log growth: tail -f build/expanded_6502/expanded_6502_maze.log
[2025-12-17 15:08:28]   3. Memory usage: watch 'free -h'
[2025-12-17 15:08:28] 
[2025-12-17 15:08:28] Starting detailed_route command now...
[2025-12-17 15:08:28] ---------- DETAILED ROUTE OUTPUT BEGINS ----------
[2025-12-17 16:07:56] ---------- DETAILED ROUTE OUTPUT ENDS ----------
[2025-12-17 16:07:56] 
[2025-12-17 16:07:56] SUCCESS: Detailed routing completed!
[2025-12-17 16:07:56] Time completed: 16:07:56
[2025-12-17 16:07:56] Elapsed time: 3568 seconds (59 minutes)
[2025-12-17 16:07:56] 
[2025-12-17 16:07:56] ==========================================
[2025-12-17 16:07:56] DETAILED VIOLATION ANALYSIS
[2025-12-17 16:07:56] ==========================================
[2025-12-17 16:07:56] 
[2025-12-17 16:07:56] VIOLATION SUMMARY:
[2025-12-17 16:07:56]   Total violations: 0
[2025-12-17 16:07:56]   - Shorts: 0
[2025-12-17 16:07:56]   - Spacing violations: 0
[2025-12-17 16:07:56]   - Width violations: 0
[2025-12-17 16:07:56]   - Via violations: 0
[2025-12-17 16:07:56]   - Other violations: 0
[2025-12-17 16:07:56] 
[2025-12-17 16:07:56] VIOLATIONS BY LAYER:
[2025-12-17 16:07:56]   met1: 0
[2025-12-17 16:07:56]   met2: 0
[2025-12-17 16:07:56]   met3: 0
[2025-12-17 16:07:56]   met4: 0
[2025-12-17 16:07:56]   other: 0
[2025-12-17 16:07:56] 
[2025-12-17 16:07:56] SAMPLE VIOLATIONS (first 10):
[2025-12-17 16:07:56] ----------------------------
[2025-12-17 16:07:56] 
[2025-12-17 16:07:56] ==========================================
[2025-12-17 16:07:56] 
[2025-12-17 16:07:56] 
[2025-12-17 16:07:56] ==========================================
[2025-12-17 16:07:56] PHASE 10: DRC Analysis
[2025-12-17 16:07:56] ==========================================
[2025-12-17 16:07:56] 
[2025-12-17 16:07:56] DRC report size: 0 bytes
[2025-12-17 16:07:56] SUCCESS: No DRC violations reported
[2025-12-17 16:07:56] 
[2025-12-17 16:07:56] ==========================================
[2025-12-17 16:07:56] PHASE 11: Routing Statistics
[2025-12-17 16:07:56] ==========================================
[2025-12-17 16:07:56] 
[2025-12-17 16:07:56] ROUTING STATISTICS:
[2025-12-17 16:07:56]   Total nets: 13235
[2025-12-17 16:07:56]   Routed nets: 10570
[2025-12-17 16:07:56]   Unrouted nets: 2665
[2025-12-17 16:07:56]   Routing completion: 79.86%
[2025-12-17 16:07:56] 
[2025-12-17 16:07:56] Unrouted nets (first 20):
[2025-12-17 16:07:56]     in_0
[2025-12-17 16:07:56]     in_1
[2025-12-17 16:07:56]     in_10
[2025-12-17 16:07:56]     in_11
[2025-12-17 16:07:56]     in_12
[2025-12-17 16:07:56]     in_13
[2025-12-17 16:07:56]     in_14
[2025-12-17 16:07:56]     in_15
[2025-12-17 16:07:56]     in_2
[2025-12-17 16:07:56]     in_24
[2025-12-17 16:07:56]     in_25
[2025-12-17 16:07:56]     in_26
[2025-12-17 16:07:56]     in_27
[2025-12-17 16:07:56]     in_28
[2025-12-17 16:07:56]     in_29
[2025-12-17 16:07:56]     in_3
[2025-12-17 16:07:56]     in_30
[2025-12-17 16:07:56]     in_31
[2025-12-17 16:07:56]     in_32
[2025-12-17 16:07:56]     in_36
[2025-12-17 16:07:56]     ... and 2645 more
[2025-12-17 16:07:56] 
[2025-12-17 16:07:56] ==========================================
[2025-12-17 16:07:56] PHASE 12: Writing Output Files
[2025-12-17 16:07:56] ==========================================
[2025-12-17 16:07:56] 
[2025-12-17 16:07:56] Writing final routed DEF to build/expanded_6502/expanded_6502_routed.def...
[2025-12-17 16:08:06] SUCCESS: DEF written (38801 KB)
[2025-12-17 16:08:06] 
[2025-12-17 16:08:06] Writing routing guides to build/expanded_6502/expanded_6502.guide...
[2025-12-17 16:08:06] SUCCESS: Routing guides written
[2025-12-17 16:08:06] 
[2025-12-17 16:08:06] ==========================================
[2025-12-17 16:08:06] ROUTING SCRIPT COMPLETED SUCCESSFULLY
[2025-12-17 16:08:06] ==========================================
[2025-12-17 16:08:06] 
[2025-12-17 16:08:06] SUMMARY:
[2025-12-17 16:08:06] --------
[2025-12-17 16:08:06] 
[2025-12-17 16:08:06] Output files:
[2025-12-17 16:08:06]   - build/expanded_6502/expanded_6502_routed.def (final routed design)
[2025-12-17 16:08:06]   - build/expanded_6502/expanded_6502_route_drc.rpt (DRC violations)
[2025-12-17 16:08:06]   - build/expanded_6502/expanded_6502_maze.log (detailed routing log)
[2025-12-17 16:08:06]   - build/expanded_6502/expanded_6502.guide (routing guides)
[2025-12-17 16:08:06]   - build/expanded_6502/routing_debug.log (this log file)
[2025-12-17 16:08:06] 
[2025-12-17 16:08:06] ==========================================
